#
# There is insufficient memory for the Java Runtime Environment to continue.
# Native memory allocation (malloc) failed to allocate 580464 bytes for Chunk::new
# Possible reasons:
#   The system is out of physical RAM or swap space
#   The process is running with CompressedOops enabled, and the Java Heap may be blocking the growth of the native heap
# Possible solutions:
#   Reduce memory load on the system
#   Increase physical memory or swap space
#   Check if swap backing store is full
#   Decrease Java heap size (-Xmx/-Xms)
#   Decrease number of Java threads
#   Decrease Java thread stack sizes (-Xss)
#   Set larger code cache with -XX:ReservedCodeCacheSize=
#   JVM is running with Zero Based Compressed Oops mode in which the Java heap is
#     placed in the first 32GB address space. The Java Heap base address is the
#     maximum limit for the native heap growth. Please use -XX:HeapBaseMinAddress
#     to set the Java Heap base and to place the Java Heap above 32GB virtual address.
# This output file may be truncated or incomplete.
#
#  Out of Memory Error (arena.cpp:168), pid=1168, tid=18116
#
# JRE version: Java(TM) SE Runtime Environment (21.0.2+13) (build 21.0.2+13-LTS-58)
# Java VM: Java HotSpot(TM) 64-Bit Server VM (21.0.2+13-LTS-58, mixed mode, sharing, tiered, compressed oops, compressed class ptrs, g1 gc, windows-amd64)
# No core dump will be written. Minidumps are not enabled by default on client versions of Windows
#

---------------  S U M M A R Y ------------

Command Line: -Dclassworlds.conf=C:\Users\LENOVO\.m2\wrapper\dists\apache-maven-3.9.6\834f1afe40575b70b4b2527f4b12df8e\bin\m2.conf -Dmaven.home=C:\Users\LENOVO\.m2\wrapper\dists\apache-maven-3.9.6\834f1afe40575b70b4b2527f4b12df8e -Dlibrary.jansi.path=C:\Users\LENOVO\.m2\wrapper\dists\apache-maven-3.9.6\834f1afe40575b70b4b2527f4b12df8e\lib\jansi-native -Dmaven.multiModuleProjectDirectory=P:\skwidl org.codehaus.plexus.classworlds.launcher.Launcher k8s:build@k8s-images-db -DskipTests -pl customers,products

Host: Intel(R) Core(TM) i5-7200U CPU @ 2.50GHz, 4 cores, 19G,  Windows 10 , 64 bit Build 19041 (10.0.19041.5438)
Time: Tue Mar  4 18:19:32 2025 Hora estándar de Argentina elapsed time: 16.691712 seconds (0d 0h 0m 16s)

---------------  T H R E A D  ---------------

Current thread (0x000001b3f68625f0):  JavaThread "C2 CompilerThread1" daemon [_thread_in_native, id=18116, stack(0x0000007415b00000,0x0000007415c00000) (1024K)]


Current CompileTask:
C2:  16691 5331   !   4       java.util.zip.InflaterInputStream::read (129 bytes)

Stack: [0x0000007415b00000,0x0000007415c00000]
Native frames: (J=compiled Java code, j=interpreted, Vv=VM code, C=native code)
V  [jvm.dll+0x6cade9]
V  [jvm.dll+0x8569c1]
V  [jvm.dll+0x858d2e]
V  [jvm.dll+0x859413]
V  [jvm.dll+0x280e56]
V  [jvm.dll+0xc3f3d]
V  [jvm.dll+0xc4473]
V  [jvm.dll+0x3b5c2c]
V  [jvm.dll+0x382855]
V  [jvm.dll+0x381cca]
V  [jvm.dll+0x249bd0]
V  [jvm.dll+0x2491b1]
V  [jvm.dll+0x1c9634]
V  [jvm.dll+0x258859]
V  [jvm.dll+0x256e3a]
V  [jvm.dll+0x3ef6c6]
V  [jvm.dll+0x7ff568]
V  [jvm.dll+0x6c953d]
C  [ucrtbase.dll+0x21bb2]
C  [KERNEL32.DLL+0x17374]
C  [ntdll.dll+0x4cc91]


---------------  P R O C E S S  ---------------

Threads class SMR info:
_java_thread_list=0x000001b3f59a0ec0, length=12, elements={
0x000001b3ced468e0, 0x000001b3f0b7a5e0, 0x000001b3f0b7bca0, 0x000001b3f0b7e490,
0x000001b3f0b81300, 0x000001b3f0b82500, 0x000001b3f0b82f60, 0x000001b3f0b84500,
0x000001b3f0b8c330, 0x000001b3f50cf880, 0x000001b3f50db510, 0x000001b3f68625f0
}

Java Threads: ( => current thread )
  0x000001b3ced468e0 JavaThread "main"                              [_thread_in_native, id=5848, stack(0x0000007414600000,0x0000007414700000) (1024K)]
  0x000001b3f0b7a5e0 JavaThread "Reference Handler"          daemon [_thread_blocked, id=15696, stack(0x0000007414e00000,0x0000007414f00000) (1024K)]
  0x000001b3f0b7bca0 JavaThread "Finalizer"                  daemon [_thread_blocked, id=1384, stack(0x0000007414f00000,0x0000007415000000) (1024K)]
  0x000001b3f0b7e490 JavaThread "Signal Dispatcher"          daemon [_thread_blocked, id=7204, stack(0x0000007415000000,0x0000007415100000) (1024K)]
  0x000001b3f0b81300 JavaThread "Attach Listener"            daemon [_thread_blocked, id=3296, stack(0x0000007415100000,0x0000007415200000) (1024K)]
  0x000001b3f0b82500 JavaThread "Service Thread"             daemon [_thread_blocked, id=12592, stack(0x0000007415200000,0x0000007415300000) (1024K)]
  0x000001b3f0b82f60 JavaThread "Monitor Deflation Thread"   daemon [_thread_blocked, id=17336, stack(0x0000007415300000,0x0000007415400000) (1024K)]
  0x000001b3f0b84500 JavaThread "C2 CompilerThread0"         daemon [_thread_in_native, id=13216, stack(0x0000007415400000,0x0000007415500000) (1024K)]
  0x000001b3f0b8c330 JavaThread "C1 CompilerThread0"         daemon [_thread_blocked, id=12732, stack(0x0000007415500000,0x0000007415600000) (1024K)]
  0x000001b3f50cf880 JavaThread "Notification Thread"        daemon [_thread_blocked, id=17524, stack(0x0000007415600000,0x0000007415700000) (1024K)]
  0x000001b3f50db510 JavaThread "Common-Cleaner"             daemon [_thread_blocked, id=13428, stack(0x0000007415700000,0x0000007415800000) (1024K)]
=>0x000001b3f68625f0 JavaThread "C2 CompilerThread1"         daemon [_thread_in_native, id=18116, stack(0x0000007415b00000,0x0000007415c00000) (1024K)]
Total: 12

Other Threads:
  0x000001b3f0b5a6a0 VMThread "VM Thread"                           [id=6488, stack(0x0000007414d00000,0x0000007414e00000) (1024K)]
  0x000001b3f0b411c0 WatcherThread "VM Periodic Task Thread"        [id=17904, stack(0x0000007414c00000,0x0000007414d00000) (1024K)]
  0x000001b3cefd01e0 WorkerThread "GC Thread#0"                     [id=11524, stack(0x0000007414700000,0x0000007414800000) (1024K)]
  0x000001b3f5b9f780 WorkerThread "GC Thread#1"                     [id=10512, stack(0x0000007415800000,0x0000007415900000) (1024K)]
  0x000001b3f5b9fb20 WorkerThread "GC Thread#2"                     [id=14480, stack(0x0000007415900000,0x0000007415a00000) (1024K)]
  0x000001b3f5b9fec0 WorkerThread "GC Thread#3"                     [id=16080, stack(0x0000007415a00000,0x0000007415b00000) (1024K)]
  0x000001b3cefdb020 ConcurrentGCThread "G1 Main Marker"            [id=9948, stack(0x0000007414800000,0x0000007414900000) (1024K)]
  0x000001b3cefdc380 WorkerThread "G1 Conc#0"                       [id=11532, stack(0x0000007414900000,0x0000007414a00000) (1024K)]
  0x000001b3f0a144c0 ConcurrentGCThread "G1 Refine#0"               [id=11940, stack(0x0000007414a00000,0x0000007414b00000) (1024K)]
  0x000001b3f0a15630 ConcurrentGCThread "G1 Service"                [id=11092, stack(0x0000007414b00000,0x0000007414c00000) (1024K)]
Total: 10

Threads with active compile tasks:
C2 CompilerThread0    16756 5346   !   4       java.util.zip.Inflater::inflate (456 bytes)
C2 CompilerThread1    16757 5331   !   4       java.util.zip.InflaterInputStream::read (129 bytes)
Total: 2

VM state: not at safepoint (normal execution)

VM Mutex/Monitor currently owned by a thread: None

Heap address: 0x00000006c1400000, size: 5100 MB, Compressed Oops mode: Zero based, Oop shift amount: 3

CDS archive(s) mapped at: [0x000001b380000000-0x000001b380c90000-0x000001b380c90000), size 13172736, SharedBaseAddress: 0x000001b380000000, ArchiveRelocationMode: 1.
Compressed class space mapped at: 0x000001b381000000-0x000001b3c1000000, reserved size: 1073741824
Narrow klass base: 0x000001b380000000, Narrow klass shift: 0, Narrow klass range: 0x100000000

GC Precious Log:
 CardTable entry size: 512
 Card Set container configuration: InlinePtr #cards 4 size 8 Array Of Cards #cards 32 size 80 Howl #buckets 8 coarsen threshold 7372 Howl Bitmap #cards 1024 size 144 coarsen threshold 921 Card regions per heap region 1 cards per card region 8192
 CPUs: 4 total, 4 available
 Memory: 20389M
 Large Page Support: Disabled
 NUMA Support: Disabled
 Compressed Oops: Enabled (Zero based)
 Heap Region Size: 4M
 Heap Min Capacity: 8M
 Heap Initial Capacity: 320M
 Heap Max Capacity: 5100M
 Pre-touch: Disabled
 Parallel Workers: 4
 Concurrent Workers: 1
 Concurrent Refinement Workers: 4
 Periodic GC: Disabled

Heap:
 garbage-first heap   total 327680K, used 113107K [0x00000006c1400000, 0x0000000800000000)
  region size 4096K, 28 young (114688K), 6 survivors (24576K)
 Metaspace       used 17717K, committed 17984K, reserved 1114112K
  class space    used 1930K, committed 2048K, reserved 1048576K

Heap Regions: E=young(eden), S=young(survivor), O=old, HS=humongous(starts), HC=humongous(continues), CS=collection set, F=free, TAMS=top-at-mark-start, PB=parsable bottom
|   0|0x00000006c1400000, 0x00000006c17734a8, 0x00000006c1800000| 86%| O|  |TAMS 0x00000006c1400000| PB 0x00000006c1400000| Untracked 
|   1|0x00000006c1800000, 0x00000006c1800000, 0x00000006c1c00000|  0%| F|  |TAMS 0x00000006c1800000| PB 0x00000006c1800000| Untracked 
|   2|0x00000006c1c00000, 0x00000006c1c00000, 0x00000006c2000000|  0%| F|  |TAMS 0x00000006c1c00000| PB 0x00000006c1c00000| Untracked 
|   3|0x00000006c2000000, 0x00000006c2000000, 0x00000006c2400000|  0%| F|  |TAMS 0x00000006c2000000| PB 0x00000006c2000000| Untracked 
|   4|0x00000006c2400000, 0x00000006c2400000, 0x00000006c2800000|  0%| F|  |TAMS 0x00000006c2400000| PB 0x00000006c2400000| Untracked 
|   5|0x00000006c2800000, 0x00000006c2800000, 0x00000006c2c00000|  0%| F|  |TAMS 0x00000006c2800000| PB 0x00000006c2800000| Untracked 
|   6|0x00000006c2c00000, 0x00000006c2c00000, 0x00000006c3000000|  0%| F|  |TAMS 0x00000006c2c00000| PB 0x00000006c2c00000| Untracked 
|   7|0x00000006c3000000, 0x00000006c3000000, 0x00000006c3400000|  0%| F|  |TAMS 0x00000006c3000000| PB 0x00000006c3000000| Untracked 
|   8|0x00000006c3400000, 0x00000006c3400000, 0x00000006c3800000|  0%| F|  |TAMS 0x00000006c3400000| PB 0x00000006c3400000| Untracked 
|   9|0x00000006c3800000, 0x00000006c3800000, 0x00000006c3c00000|  0%| F|  |TAMS 0x00000006c3800000| PB 0x00000006c3800000| Untracked 
|  10|0x00000006c3c00000, 0x00000006c3c00000, 0x00000006c4000000|  0%| F|  |TAMS 0x00000006c3c00000| PB 0x00000006c3c00000| Untracked 
|  11|0x00000006c4000000, 0x00000006c4000000, 0x00000006c4400000|  0%| F|  |TAMS 0x00000006c4000000| PB 0x00000006c4000000| Untracked 
|  12|0x00000006c4400000, 0x00000006c4400000, 0x00000006c4800000|  0%| F|  |TAMS 0x00000006c4400000| PB 0x00000006c4400000| Untracked 
|  13|0x00000006c4800000, 0x00000006c4800000, 0x00000006c4c00000|  0%| F|  |TAMS 0x00000006c4800000| PB 0x00000006c4800000| Untracked 
|  14|0x00000006c4c00000, 0x00000006c4c00000, 0x00000006c5000000|  0%| F|  |TAMS 0x00000006c4c00000| PB 0x00000006c4c00000| Untracked 
|  15|0x00000006c5000000, 0x00000006c5000000, 0x00000006c5400000|  0%| F|  |TAMS 0x00000006c5000000| PB 0x00000006c5000000| Untracked 
|  16|0x00000006c5400000, 0x00000006c5400000, 0x00000006c5800000|  0%| F|  |TAMS 0x00000006c5400000| PB 0x00000006c5400000| Untracked 
|  17|0x00000006c5800000, 0x00000006c5800000, 0x00000006c5c00000|  0%| F|  |TAMS 0x00000006c5800000| PB 0x00000006c5800000| Untracked 
|  18|0x00000006c5c00000, 0x00000006c5c00000, 0x00000006c6000000|  0%| F|  |TAMS 0x00000006c5c00000| PB 0x00000006c5c00000| Untracked 
|  19|0x00000006c6000000, 0x00000006c6000000, 0x00000006c6400000|  0%| F|  |TAMS 0x00000006c6000000| PB 0x00000006c6000000| Untracked 
|  20|0x00000006c6400000, 0x00000006c6400000, 0x00000006c6800000|  0%| F|  |TAMS 0x00000006c6400000| PB 0x00000006c6400000| Untracked 
|  21|0x00000006c6800000, 0x00000006c6800000, 0x00000006c6c00000|  0%| F|  |TAMS 0x00000006c6800000| PB 0x00000006c6800000| Untracked 
|  22|0x00000006c6c00000, 0x00000006c6c00000, 0x00000006c7000000|  0%| F|  |TAMS 0x00000006c6c00000| PB 0x00000006c6c00000| Untracked 
|  23|0x00000006c7000000, 0x00000006c7000000, 0x00000006c7400000|  0%| F|  |TAMS 0x00000006c7000000| PB 0x00000006c7000000| Untracked 
|  24|0x00000006c7400000, 0x00000006c7400000, 0x00000006c7800000|  0%| F|  |TAMS 0x00000006c7400000| PB 0x00000006c7400000| Untracked 
|  25|0x00000006c7800000, 0x00000006c7800000, 0x00000006c7c00000|  0%| F|  |TAMS 0x00000006c7800000| PB 0x00000006c7800000| Untracked 
|  26|0x00000006c7c00000, 0x00000006c7f01900, 0x00000006c8000000| 75%| S|CS|TAMS 0x00000006c7c00000| PB 0x00000006c7c00000| Complete 
|  27|0x00000006c8000000, 0x00000006c8400000, 0x00000006c8400000|100%| S|CS|TAMS 0x00000006c8000000| PB 0x00000006c8000000| Complete 
|  28|0x00000006c8400000, 0x00000006c8800000, 0x00000006c8800000|100%| S|CS|TAMS 0x00000006c8400000| PB 0x00000006c8400000| Complete 
|  29|0x00000006c8800000, 0x00000006c8c00000, 0x00000006c8c00000|100%| S|CS|TAMS 0x00000006c8800000| PB 0x00000006c8800000| Complete 
|  30|0x00000006c8c00000, 0x00000006c9000000, 0x00000006c9000000|100%| S|CS|TAMS 0x00000006c8c00000| PB 0x00000006c8c00000| Complete 
|  31|0x00000006c9000000, 0x00000006c9400000, 0x00000006c9400000|100%| S|CS|TAMS 0x00000006c9000000| PB 0x00000006c9000000| Complete 
|  32|0x00000006c9400000, 0x00000006c9400000, 0x00000006c9800000|  0%| F|  |TAMS 0x00000006c9400000| PB 0x00000006c9400000| Untracked 
|  33|0x00000006c9800000, 0x00000006c9800000, 0x00000006c9c00000|  0%| F|  |TAMS 0x00000006c9800000| PB 0x00000006c9800000| Untracked 
|  34|0x00000006c9c00000, 0x00000006c9c00000, 0x00000006ca000000|  0%| F|  |TAMS 0x00000006c9c00000| PB 0x00000006c9c00000| Untracked 
|  35|0x00000006ca000000, 0x00000006ca000000, 0x00000006ca400000|  0%| F|  |TAMS 0x00000006ca000000| PB 0x00000006ca000000| Untracked 
|  36|0x00000006ca400000, 0x00000006ca400000, 0x00000006ca800000|  0%| F|  |TAMS 0x00000006ca400000| PB 0x00000006ca400000| Untracked 
|  37|0x00000006ca800000, 0x00000006ca800000, 0x00000006cac00000|  0%| F|  |TAMS 0x00000006ca800000| PB 0x00000006ca800000| Untracked 
|  38|0x00000006cac00000, 0x00000006cac00000, 0x00000006cb000000|  0%| F|  |TAMS 0x00000006cac00000| PB 0x00000006cac00000| Untracked 
|  39|0x00000006cb000000, 0x00000006cb000000, 0x00000006cb400000|  0%| F|  |TAMS 0x00000006cb000000| PB 0x00000006cb000000| Untracked 
|  40|0x00000006cb400000, 0x00000006cb400000, 0x00000006cb800000|  0%| F|  |TAMS 0x00000006cb400000| PB 0x00000006cb400000| Untracked 
|  41|0x00000006cb800000, 0x00000006cb800000, 0x00000006cbc00000|  0%| F|  |TAMS 0x00000006cb800000| PB 0x00000006cb800000| Untracked 
|  42|0x00000006cbc00000, 0x00000006cbc00000, 0x00000006cc000000|  0%| F|  |TAMS 0x00000006cbc00000| PB 0x00000006cbc00000| Untracked 
|  43|0x00000006cc000000, 0x00000006cc000000, 0x00000006cc400000|  0%| F|  |TAMS 0x00000006cc000000| PB 0x00000006cc000000| Untracked 
|  44|0x00000006cc400000, 0x00000006cc400000, 0x00000006cc800000|  0%| F|  |TAMS 0x00000006cc400000| PB 0x00000006cc400000| Untracked 
|  45|0x00000006cc800000, 0x00000006cc800000, 0x00000006ccc00000|  0%| F|  |TAMS 0x00000006cc800000| PB 0x00000006cc800000| Untracked 
|  46|0x00000006ccc00000, 0x00000006ccc00000, 0x00000006cd000000|  0%| F|  |TAMS 0x00000006ccc00000| PB 0x00000006ccc00000| Untracked 
|  47|0x00000006cd000000, 0x00000006cd000000, 0x00000006cd400000|  0%| F|  |TAMS 0x00000006cd000000| PB 0x00000006cd000000| Untracked 
|  48|0x00000006cd400000, 0x00000006cd400000, 0x00000006cd800000|  0%| F|  |TAMS 0x00000006cd400000| PB 0x00000006cd400000| Untracked 
|  49|0x00000006cd800000, 0x00000006cd800000, 0x00000006cdc00000|  0%| F|  |TAMS 0x00000006cd800000| PB 0x00000006cd800000| Untracked 
|  50|0x00000006cdc00000, 0x00000006cdc00000, 0x00000006ce000000|  0%| F|  |TAMS 0x00000006cdc00000| PB 0x00000006cdc00000| Untracked 
|  51|0x00000006ce000000, 0x00000006ce000000, 0x00000006ce400000|  0%| F|  |TAMS 0x00000006ce000000| PB 0x00000006ce000000| Untracked 
|  52|0x00000006ce400000, 0x00000006ce400000, 0x00000006ce800000|  0%| F|  |TAMS 0x00000006ce400000| PB 0x00000006ce400000| Untracked 
|  53|0x00000006ce800000, 0x00000006ce800000, 0x00000006cec00000|  0%| F|  |TAMS 0x00000006ce800000| PB 0x00000006ce800000| Untracked 
|  54|0x00000006cec00000, 0x00000006cec00000, 0x00000006cf000000|  0%| F|  |TAMS 0x00000006cec00000| PB 0x00000006cec00000| Untracked 
|  55|0x00000006cf000000, 0x00000006cf000000, 0x00000006cf400000|  0%| F|  |TAMS 0x00000006cf000000| PB 0x00000006cf000000| Untracked 
|  56|0x00000006cf400000, 0x00000006cf400000, 0x00000006cf800000|  0%| F|  |TAMS 0x00000006cf400000| PB 0x00000006cf400000| Untracked 
|  57|0x00000006cf800000, 0x00000006cf800000, 0x00000006cfc00000|  0%| F|  |TAMS 0x00000006cf800000| PB 0x00000006cf800000| Untracked 
|  58|0x00000006cfc00000, 0x00000006d0000000, 0x00000006d0000000|100%| E|  |TAMS 0x00000006cfc00000| PB 0x00000006cfc00000| Complete 
|  59|0x00000006d0000000, 0x00000006d0400000, 0x00000006d0400000|100%| E|CS|TAMS 0x00000006d0000000| PB 0x00000006d0000000| Complete 
|  60|0x00000006d0400000, 0x00000006d0800000, 0x00000006d0800000|100%| E|CS|TAMS 0x00000006d0400000| PB 0x00000006d0400000| Complete 
|  61|0x00000006d0800000, 0x00000006d0c00000, 0x00000006d0c00000|100%| E|CS|TAMS 0x00000006d0800000| PB 0x00000006d0800000| Complete 
|  62|0x00000006d0c00000, 0x00000006d1000000, 0x00000006d1000000|100%| E|CS|TAMS 0x00000006d0c00000| PB 0x00000006d0c00000| Complete 
|  63|0x00000006d1000000, 0x00000006d1400000, 0x00000006d1400000|100%| E|CS|TAMS 0x00000006d1000000| PB 0x00000006d1000000| Complete 
|  64|0x00000006d1400000, 0x00000006d1800000, 0x00000006d1800000|100%| E|CS|TAMS 0x00000006d1400000| PB 0x00000006d1400000| Complete 
|  65|0x00000006d1800000, 0x00000006d1c00000, 0x00000006d1c00000|100%| E|CS|TAMS 0x00000006d1800000| PB 0x00000006d1800000| Complete 
|  66|0x00000006d1c00000, 0x00000006d2000000, 0x00000006d2000000|100%| E|CS|TAMS 0x00000006d1c00000| PB 0x00000006d1c00000| Complete 
|  67|0x00000006d2000000, 0x00000006d2400000, 0x00000006d2400000|100%| E|CS|TAMS 0x00000006d2000000| PB 0x00000006d2000000| Complete 
|  68|0x00000006d2400000, 0x00000006d2800000, 0x00000006d2800000|100%| E|CS|TAMS 0x00000006d2400000| PB 0x00000006d2400000| Complete 
|  69|0x00000006d2800000, 0x00000006d2c00000, 0x00000006d2c00000|100%| E|CS|TAMS 0x00000006d2800000| PB 0x00000006d2800000| Complete 
|  70|0x00000006d2c00000, 0x00000006d3000000, 0x00000006d3000000|100%| E|CS|TAMS 0x00000006d2c00000| PB 0x00000006d2c00000| Complete 
|  71|0x00000006d3000000, 0x00000006d3400000, 0x00000006d3400000|100%| E|CS|TAMS 0x00000006d3000000| PB 0x00000006d3000000| Complete 
|  72|0x00000006d3400000, 0x00000006d3800000, 0x00000006d3800000|100%| E|CS|TAMS 0x00000006d3400000| PB 0x00000006d3400000| Complete 
|  73|0x00000006d3800000, 0x00000006d3c00000, 0x00000006d3c00000|100%| E|CS|TAMS 0x00000006d3800000| PB 0x00000006d3800000| Complete 
|  74|0x00000006d3c00000, 0x00000006d4000000, 0x00000006d4000000|100%| E|CS|TAMS 0x00000006d3c00000| PB 0x00000006d3c00000| Complete 
|  75|0x00000006d4000000, 0x00000006d4400000, 0x00000006d4400000|100%| E|CS|TAMS 0x00000006d4000000| PB 0x00000006d4000000| Complete 
|  76|0x00000006d4400000, 0x00000006d4800000, 0x00000006d4800000|100%| E|CS|TAMS 0x00000006d4400000| PB 0x00000006d4400000| Complete 
|  77|0x00000006d4800000, 0x00000006d4c00000, 0x00000006d4c00000|100%| E|CS|TAMS 0x00000006d4800000| PB 0x00000006d4800000| Complete 
|  78|0x00000006d4c00000, 0x00000006d5000000, 0x00000006d5000000|100%| E|CS|TAMS 0x00000006d4c00000| PB 0x00000006d4c00000| Complete 
|  79|0x00000006d5000000, 0x00000006d5400000, 0x00000006d5400000|100%| E|CS|TAMS 0x00000006d5000000| PB 0x00000006d5000000| Complete 

Card table byte_map: [0x000001b3e8be0000,0x000001b3e95e0000] _byte_map_base: 0x000001b3e55d6000

Marking Bits: (CMBitMap*) 0x000001b3cefd07f0
 Bits: [0x000001b3e95e0000, 0x000001b3ee590000)

Polling page: 0x000001b3cf030000

Metaspace:

Usage:
  Non-class:     15.42 MB used.
      Class:      1.88 MB used.
       Both:     17.30 MB used.

Virtual space:
  Non-class space:       64.00 MB reserved,      15.56 MB ( 24%) committed,  1 nodes.
      Class space:        1.00 GB reserved,       2.00 MB ( <1%) committed,  1 nodes.
             Both:        1.06 GB reserved,      17.56 MB (  2%) committed. 

Chunk freelists:
   Non-Class:  480.00 KB
       Class:  13.87 MB
        Both:  14.34 MB

MaxMetaspaceSize: unlimited
CompressedClassSpaceSize: 1.00 GB
Initial GC threshold: 21.00 MB
Current GC threshold: 21.00 MB
CDS: on
 - commit_granule_bytes: 65536.
 - commit_granule_words: 8192.
 - virtual_space_node_default_size: 8388608.
 - enlarge_chunks_in_place: 1.
 - use_allocation_guard: 0.


Internal statistics:

num_allocs_failed_limit: 0.
num_arena_births: 172.
num_arena_deaths: 0.
num_vsnodes_births: 2.
num_vsnodes_deaths: 0.
num_space_committed: 281.
num_space_uncommitted: 0.
num_chunks_returned_to_freelist: 0.
num_chunks_taken_from_freelist: 773.
num_chunk_merges: 0.
num_chunk_splits: 542.
num_chunks_enlarged: 443.
num_inconsistent_stats: 0.

CodeHeap 'non-profiled nmethods': size=120000Kb used=3329Kb max_used=3329Kb free=116670Kb
 bounds [0x000001b3e0670000, 0x000001b3e09c0000, 0x000001b3e7ba0000]
CodeHeap 'profiled nmethods': size=120000Kb used=11968Kb max_used=11968Kb free=108031Kb
 bounds [0x000001b3d8ba0000, 0x000001b3d9760000, 0x000001b3e00d0000]
CodeHeap 'non-nmethods': size=5760Kb used=1404Kb max_used=1484Kb free=4355Kb
 bounds [0x000001b3e00d0000, 0x000001b3e0340000, 0x000001b3e0670000]
 total_blobs=5843 nmethods=5346 adapters=401
 compilation: enabled
              stopped_count=0, restarted_count=0
 full_count=0

Compilation events (20 events):
Event: 16.613 Thread 0x000001b3f0b8c330 5326       3       org.apache.maven.cli.logging.Slf4jLogger::isDebugEnabled (10 bytes)
Event: 16.613 Thread 0x000001b3f68625f0 nmethod 5323 0x000001b3e09a5e10 code [0x000001b3e09a60c0, 0x000001b3e09a6aa8]
Event: 16.613 Thread 0x000001b3f0b8c330 nmethod 5326 0x000001b3d9749f90 code [0x000001b3d974a140, 0x000001b3d974a320]
Event: 16.613 Thread 0x000001b3f0b8c330 5327       3       java.net.URI::toString (16 bytes)
Event: 16.614 Thread 0x000001b3f0b8c330 nmethod 5327 0x000001b3d974a410 code [0x000001b3d974a5c0, 0x000001b3d974a740]
Event: 16.618 Thread 0x000001b3f0b84500 5328       4       java.util.ArrayList::indexOfRange (71 bytes)
Event: 16.630 Thread 0x000001b3f0b8c330 5329       3       java.util.zip.ZipFile$Source::isSignatureRelated (227 bytes)
Event: 16.630 Thread 0x000001b3f0b8c330 nmethod 5329 0x000001b3d974a810 code [0x000001b3d974a9e0, 0x000001b3d974b048]
Event: 16.630 Thread 0x000001b3f0b8c330 5330       3       java.util.zip.ZipFile$Source::getMetaVersion (221 bytes)
Event: 16.631 Thread 0x000001b3f68625f0 5331   !   4       java.util.zip.InflaterInputStream::read (129 bytes)
Event: 16.631 Thread 0x000001b3f0b8c330 nmethod 5330 0x000001b3d974b290 code [0x000001b3d974b480, 0x000001b3d974bbd8]
Event: 16.639 Thread 0x000001b3f0b8c330 5332       3       java.lang.Package::<init> (47 bytes)
Event: 16.639 Thread 0x000001b3f0b8c330 nmethod 5332 0x000001b3d974be10 code [0x000001b3d974c000, 0x000001b3d974c468]
Event: 16.639 Thread 0x000001b3f0b8c330 5333       3       java.lang.Package$VersionInfo::getInstance (53 bytes)
Event: 16.640 Thread 0x000001b3f0b8c330 nmethod 5333 0x000001b3d974c690 code [0x000001b3d974c860, 0x000001b3d974cc10]
Event: 16.644 Thread 0x000001b3f0b8c330 5335       3       org.codehaus.plexus.classworlds.realm.Entry::matches (282 bytes)
Event: 16.651 Thread 0x000001b3f0b8c330 nmethod 5335 0x000001b3e09a7210 code [0x000001b3e09a78c0, 0x000001b3e09aaf38]
Event: 16.651 Thread 0x000001b3f0b84500 nmethod 5328 0x000001b3e09ac210 code [0x000001b3e09ac4e0, 0x000001b3e09ad288]
Event: 16.652 Thread 0x000001b3f0b84500 5334       4       java.util.TreeMap$PrivateEntryIterator::hasNext (13 bytes)
Event: 16.652 Thread 0x000001b3f0b84500 nmethod 5334 0x000001b3e09adc90 code [0x000001b3e09ade20, 0x000001b3e09adeb0]

GC Heap History (8 events):
Event: 1.576 GC heap before
{Heap before GC invocations=0 (full 0):
 garbage-first heap   total 327680K, used 16384K [0x00000006c1400000, 0x0000000800000000)
  region size 4096K, 4 young (16384K), 0 survivors (0K)
 Metaspace       used 4836K, committed 4928K, reserved 1114112K
  class space    used 538K, committed 576K, reserved 1048576K
}
Event: 1.582 GC heap after
{Heap after GC invocations=1 (full 0):
 garbage-first heap   total 327680K, used 3633K [0x00000006c1400000, 0x0000000800000000)
  region size 4096K, 1 young (4096K), 1 survivors (4096K)
 Metaspace       used 4836K, committed 4928K, reserved 1114112K
  class space    used 538K, committed 576K, reserved 1048576K
}
Event: 2.243 GC heap before
{Heap before GC invocations=1 (full 0):
 garbage-first heap   total 327680K, used 15921K [0x00000006c1400000, 0x0000000800000000)
  region size 4096K, 4 young (16384K), 1 survivors (4096K)
 Metaspace       used 6263K, committed 6464K, reserved 1114112K
  class space    used 720K, committed 832K, reserved 1048576K
}
Event: 2.252 GC heap after
{Heap after GC invocations=2 (full 0):
 garbage-first heap   total 327680K, used 4404K [0x00000006c1400000, 0x0000000800000000)
  region size 4096K, 1 young (4096K), 1 survivors (4096K)
 Metaspace       used 6263K, committed 6464K, reserved 1114112K
  class space    used 720K, committed 832K, reserved 1048576K
}
Event: 4.318 GC heap before
{Heap before GC invocations=2 (full 0):
 garbage-first heap   total 327680K, used 33076K [0x00000006c1400000, 0x0000000800000000)
  region size 4096K, 8 young (32768K), 1 survivors (4096K)
 Metaspace       used 11193K, committed 11328K, reserved 1114112K
  class space    used 1324K, committed 1408K, reserved 1048576K
}
Event: 4.323 GC heap after
{Heap after GC invocations=3 (full 0):
 garbage-first heap   total 327680K, used 6012K [0x00000006c1400000, 0x0000000800000000)
  region size 4096K, 1 young (4096K), 1 survivors (4096K)
 Metaspace       used 11193K, committed 11328K, reserved 1114112K
  class space    used 1324K, committed 1408K, reserved 1048576K
}
Event: 13.300 GC heap before
{Heap before GC invocations=3 (full 0):
 garbage-first heap   total 327680K, used 198524K [0x00000006c1400000, 0x0000000800000000)
  region size 4096K, 48 young (196608K), 1 survivors (4096K)
 Metaspace       used 17333K, committed 17536K, reserved 1114112K
  class space    used 1905K, committed 1984K, reserved 1048576K
}
Event: 13.352 GC heap after
{Heap after GC invocations=4 (full 0):
 garbage-first heap   total 327680K, used 27091K [0x00000006c1400000, 0x0000000800000000)
  region size 4096K, 6 young (24576K), 6 survivors (24576K)
 Metaspace       used 17333K, committed 17536K, reserved 1114112K
  class space    used 1905K, committed 1984K, reserved 1048576K
}

Dll operation events (8 events):
Event: 0.018 Loaded shared library C:\Program Files\Java\jdk-21\bin\java.dll
Event: 0.085 Loaded shared library C:\Program Files\Java\jdk-21\bin\jsvml.dll
Event: 0.143 Loaded shared library C:\Program Files\Java\jdk-21\bin\net.dll
Event: 0.147 Loaded shared library C:\Program Files\Java\jdk-21\bin\nio.dll
Event: 0.159 Loaded shared library C:\Program Files\Java\jdk-21\bin\zip.dll
Event: 0.544 Loaded shared library C:\Program Files\Java\jdk-21\bin\jimage.dll
Event: 0.584 Loaded shared library C:\Users\LENOVO\.m2\wrapper\dists\apache-maven-3.9.6\834f1afe40575b70b4b2527f4b12df8e\lib\jansi-native\Windows\x86_64\jansi.dll
Event: 0.653 Loaded shared library C:\Program Files\Java\jdk-21\bin\verify.dll

Deoptimization events (20 events):
Event: 16.553 Thread 0x000001b3ced468e0 Uncommon trap: trap_request=0xffffff6e fr.pc=0x000001b3e069172c relative=0x000000000000018c
Event: 16.553 Thread 0x000001b3ced468e0 Uncommon trap: reason=loop_limit_check action=maybe_recompile pc=0x000001b3e069172c method=java.lang.StringLatin1.lastIndexOf([BII)I @ 19 c2
Event: 16.553 Thread 0x000001b3ced468e0 DEOPT PACKING pc=0x000001b3e069172c sp=0x00000074146fdb20
Event: 16.553 Thread 0x000001b3ced468e0 DEOPT UNPACKING pc=0x000001b3e01246a2 sp=0x00000074146fdaa0 mode 2
Event: 16.563 Thread 0x000001b3ced468e0 Uncommon trap: trap_request=0xffffffc6 fr.pc=0x000001b3e088d878 relative=0x0000000000000138
Event: 16.563 Thread 0x000001b3ced468e0 Uncommon trap: reason=bimorphic_or_optimized_type_check action=maybe_recompile pc=0x000001b3e088d878 method=java.util.Collections$UnmodifiableCollection.contains(Ljava/lang/Object;)Z @ 5 c2
Event: 16.563 Thread 0x000001b3ced468e0 DEOPT PACKING pc=0x000001b3e088d878 sp=0x00000074146fdfb0
Event: 16.563 Thread 0x000001b3ced468e0 DEOPT UNPACKING pc=0x000001b3e01246a2 sp=0x00000074146fdf58 mode 2
Event: 16.563 Thread 0x000001b3ced468e0 Uncommon trap: trap_request=0xffffff45 fr.pc=0x000001b3e088d484 relative=0x0000000000000064
Event: 16.563 Thread 0x000001b3ced468e0 Uncommon trap: reason=unstable_if action=reinterpret pc=0x000001b3e088d484 method=org.codehaus.plexus.util.StringUtils.isNotEmpty(Ljava/lang/String;)Z @ 8 c2
Event: 16.563 Thread 0x000001b3ced468e0 DEOPT PACKING pc=0x000001b3e088d484 sp=0x00000074146fdf50
Event: 16.563 Thread 0x000001b3ced468e0 DEOPT UNPACKING pc=0x000001b3e01246a2 sp=0x00000074146fdee0 mode 2
Event: 16.565 Thread 0x000001b3ced468e0 Uncommon trap: trap_request=0xffffffc6 fr.pc=0x000001b3e088d878 relative=0x0000000000000138
Event: 16.565 Thread 0x000001b3ced468e0 Uncommon trap: reason=bimorphic_or_optimized_type_check action=maybe_recompile pc=0x000001b3e088d878 method=java.util.Collections$UnmodifiableCollection.contains(Ljava/lang/Object;)Z @ 5 c2
Event: 16.565 Thread 0x000001b3ced468e0 DEOPT PACKING pc=0x000001b3e088d878 sp=0x00000074146fdfb0
Event: 16.565 Thread 0x000001b3ced468e0 DEOPT UNPACKING pc=0x000001b3e01246a2 sp=0x00000074146fdf58 mode 2
Event: 16.679 Thread 0x000001b3ced468e0 Uncommon trap: trap_request=0xffffff45 fr.pc=0x000001b3e06b33d8 relative=0x0000000000000098
Event: 16.679 Thread 0x000001b3ced468e0 Uncommon trap: reason=unstable_if action=reinterpret pc=0x000001b3e06b33d8 method=sun.net.www.ParseUtil.firstEncodeIndex(Ljava/lang/String;)I @ 51 c2
Event: 16.679 Thread 0x000001b3ced468e0 DEOPT PACKING pc=0x000001b3e06b33d8 sp=0x00000074146fd950
Event: 16.679 Thread 0x000001b3ced468e0 DEOPT UNPACKING pc=0x000001b3e01246a2 sp=0x00000074146fd8d8 mode 2

Classes loaded (20 events):
Event: 5.836 Loading class java/lang/Short$ShortCache
Event: 5.836 Loading class java/lang/Short$ShortCache done
Event: 5.836 Loading class java/lang/Byte$ByteCache
Event: 5.836 Loading class java/lang/Byte$ByteCache done
Event: 7.638 Loading class java/util/stream/MatchOps$MatchKind
Event: 7.638 Loading class java/util/stream/MatchOps$MatchKind done
Event: 7.638 Loading class java/util/stream/MatchOps
Event: 7.638 Loading class java/util/stream/MatchOps done
Event: 7.638 Loading class java/util/stream/MatchOps$MatchOp
Event: 7.639 Loading class java/util/stream/MatchOps$MatchOp done
Event: 7.639 Loading class java/util/stream/MatchOps$BooleanTerminalSink
Event: 7.639 Loading class java/util/stream/MatchOps$BooleanTerminalSink done
Event: 7.639 Loading class java/util/stream/MatchOps$1MatchSink
Event: 7.639 Loading class java/util/stream/MatchOps$1MatchSink done
Event: 7.984 Loading class java/util/LinkedList$LLSpliterator
Event: 7.984 Loading class java/util/LinkedList$LLSpliterator done
Event: 10.467 Loading class sun/nio/cs/ISO_8859_1$Decoder
Event: 10.467 Loading class sun/nio/cs/ISO_8859_1$Decoder done
Event: 14.479 Loading class java/util/Collections$UnmodifiableList$1
Event: 14.479 Loading class java/util/Collections$UnmodifiableList$1 done

Classes unloaded (0 events):
No events

Classes redefined (0 events):
No events

Internal exceptions (20 events):
Event: 4.954 Thread 0x000001b3ced468e0 Exception <a 'java/lang/NoClassDefFoundError'{0x00000006d48ad698}: com/google/inject/servlet/ServletModuleTargetVisitor> (0x00000006d48ad698) 
thrown [s\open\src\hotspot\share\classfile\systemDictionary.cpp, line 301]
Event: 5.114 Thread 0x000001b3ced468e0 Exception <a 'java/lang/NoSuchMethodError'{0x00000006d4a6caa8}: 'void java.lang.invoke.DirectMethodHandle$Holder.invokeVirtual(java.lang.Object, java.lang.Object)'> (0x00000006d4a6caa8) 
thrown [s\open\src\hotspot\share\interpreter\linkResolver.cpp, line 773]
Event: 5.217 Thread 0x000001b3ced468e0 Exception <a 'java/lang/NoSuchMethodError'{0x00000006d4ae9088}: 'java.lang.Object java.lang.invoke.DirectMethodHandle$Holder.invokeStaticInit(java.lang.Object, int, int, int, int)'> (0x00000006d4ae9088) 
thrown [s\open\src\hotspot\share\interpreter\linkResolver.cpp, line 773]
Event: 5.547 Thread 0x000001b3ced468e0 Implicit null exception at 0x000001b3e0715524 to 0x000001b3e0715bb8
Event: 5.547 Thread 0x000001b3ced468e0 Implicit null exception at 0x000001b3e06b2020 to 0x000001b3e06b26bc
Event: 5.920 Thread 0x000001b3ced468e0 Exception <a 'java/lang/NoSuchMethodError'{0x00000006d4366bb8}: 'void java.lang.invoke.DirectMethodHandle$Holder.invokeVirtual(java.lang.Object, java.lang.Object, int)'> (0x00000006d4366bb8) 
thrown [s\open\src\hotspot\share\interpreter\linkResolver.cpp, line 773]
Event: 5.921 Thread 0x000001b3ced468e0 Exception <a 'java/lang/NoSuchMethodError'{0x00000006d436dc80}: 'void java.lang.invoke.DelegatingMethodHandle$Holder.reinvoke_L(java.lang.Object, java.lang.Object, int)'> (0x00000006d436dc80) 
thrown [s\open\src\hotspot\share\interpreter\linkResolver.cpp, line 773]
Event: 7.773 Thread 0x000001b3ced468e0 Implicit null exception at 0x000001b3e07e1ea3 to 0x000001b3e07e2510
Event: 7.998 Thread 0x000001b3ced468e0 Implicit null exception at 0x000001b3e07b53d0 to 0x000001b3e07b6838
Event: 7.998 Thread 0x000001b3ced468e0 Implicit null exception at 0x000001b3e0788020 to 0x000001b3e078824c
Event: 7.998 Thread 0x000001b3ced468e0 Implicit null exception at 0x000001b3e0780d0d to 0x000001b3e07815e4
Event: 8.004 Thread 0x000001b3ced468e0 Exception <a 'java/lang/NoSuchMethodError'{0x00000006d138bda0}: 'int java.lang.invoke.DirectMethodHandle$Holder.invokeSpecialIFC(java.lang.Object, java.lang.Object, java.lang.Object, java.lang.Object)'> (0x00000006d138bda0) 
thrown [s\open\src\hotspot\share\interpreter\linkResolver.cpp, line 773]
Event: 12.162 Thread 0x000001b3ced468e0 Implicit null exception at 0x000001b3e0744740 to 0x000001b3e07447c5
Event: 12.863 Thread 0x000001b3ced468e0 Exception <a 'java/lang/NoSuchMethodError'{0x00000006ca6634f8}: 'java.lang.Object java.lang.invoke.DirectMethodHandle$Holder.newInvokeSpecial(java.lang.Object, java.lang.Object, java.lang.Object, java.lang.Object, java.lang.Object, java.lang.Object, java.lang.Object)'> (0x00000006ca6634f8) 
thrown [s\open\src\hotspot\share\interpreter\linkResolver.cpp, line 773]
Event: 12.866 Thread 0x000001b3ced468e0 Implicit null exception at 0x000001b3e08b72d2 to 0x000001b3e08ba084
Event: 13.354 Thread 0x000001b3ced468e0 Implicit null exception at 0x000001b3e08e1266 to 0x000001b3e08e2740
Event: 15.698 Thread 0x000001b3ced468e0 Implicit null exception at 0x000001b3e0993d25 to 0x000001b3e0994b30
Event: 15.704 Thread 0x000001b3ced468e0 Implicit null exception at 0x000001b3e0993d25 to 0x000001b3e0994b30
Event: 15.711 Thread 0x000001b3ced468e0 Implicit null exception at 0x000001b3e0993d25 to 0x000001b3e0994b30
Event: 15.717 Thread 0x000001b3ced468e0 Implicit null exception at 0x000001b3e0993d25 to 0x000001b3e0994b30

ZGC Phase Switch (0 events):
No events

VM Operations (20 events):
Event: 7.921 Executing VM operation: Cleanup
Event: 7.922 Executing VM operation: Cleanup done
Event: 8.782 Executing VM operation: ICBufferFull
Event: 8.782 Executing VM operation: ICBufferFull done
Event: 9.797 Executing VM operation: Cleanup
Event: 9.797 Executing VM operation: Cleanup done
Event: 10.799 Executing VM operation: Cleanup
Event: 10.799 Executing VM operation: Cleanup done
Event: 11.810 Executing VM operation: Cleanup
Event: 11.811 Executing VM operation: Cleanup done
Event: 12.821 Executing VM operation: Cleanup
Event: 12.844 Executing VM operation: Cleanup done
Event: 13.300 Executing VM operation: G1CollectForAllocation (G1 Evacuation Pause)
Event: 13.352 Executing VM operation: G1CollectForAllocation (G1 Evacuation Pause) done
Event: 14.363 Executing VM operation: Cleanup
Event: 14.363 Executing VM operation: Cleanup done
Event: 15.368 Executing VM operation: Cleanup
Event: 15.369 Executing VM operation: Cleanup done
Event: 16.371 Executing VM operation: Cleanup
Event: 16.371 Executing VM operation: Cleanup done

Events (18 events):
Event: 0.053 Thread 0x000001b3ced468e0 Thread added: 0x000001b3ced468e0
Event: 0.080 Thread 0x000001b3f0b7a5e0 Thread added: 0x000001b3f0b7a5e0
Event: 0.081 Thread 0x000001b3f0b7bca0 Thread added: 0x000001b3f0b7bca0
Event: 0.082 Thread 0x000001b3f0b7e490 Thread added: 0x000001b3f0b7e490
Event: 0.082 Thread 0x000001b3f0b81300 Thread added: 0x000001b3f0b81300
Event: 0.082 Thread 0x000001b3f0b82500 Thread added: 0x000001b3f0b82500
Event: 0.082 Thread 0x000001b3f0b82f60 Thread added: 0x000001b3f0b82f60
Event: 0.083 Thread 0x000001b3f0b84500 Thread added: 0x000001b3f0b84500
Event: 0.083 Thread 0x000001b3f0b8c330 Thread added: 0x000001b3f0b8c330
Event: 0.124 Thread 0x000001b3f50cf880 Thread added: 0x000001b3f50cf880
Event: 0.137 Thread 0x000001b3f50db510 Thread added: 0x000001b3f50db510
Event: 1.799 Thread 0x000001b3f5b758e0 Thread added: 0x000001b3f5b758e0
Event: 2.987 Thread 0x000001b3f5b758e0 Thread exited: 0x000001b3f5b758e0
Event: 5.496 Thread 0x000001b3f622b2b0 Thread added: 0x000001b3f622b2b0
Event: 11.281 Thread 0x000001b3f622b2b0 Thread exited: 0x000001b3f622b2b0
Event: 12.166 Thread 0x000001b3f5b2a9f0 Thread added: 0x000001b3f5b2a9f0
Event: 12.556 Thread 0x000001b3f5b2a9f0 Thread exited: 0x000001b3f5b2a9f0
Event: 13.788 Thread 0x000001b3f68625f0 Thread added: 0x000001b3f68625f0


Dynamic libraries:
0x00007ff78dad0000 - 0x00007ff78dae0000 	C:\Program Files\Java\jdk-21\bin\java.exe
0x00007ff8c6450000 - 0x00007ff8c6648000 	C:\windows\SYSTEM32\ntdll.dll
0x00007ff8c6340000 - 0x00007ff8c6402000 	C:\windows\System32\KERNEL32.DLL
0x00007ff8c4140000 - 0x00007ff8c443f000 	C:\windows\System32\KERNELBASE.dll
0x00007ff8c3e50000 - 0x00007ff8c3f50000 	C:\windows\System32\ucrtbase.dll
0x00007ff8bffa0000 - 0x00007ff8bffbb000 	C:\Program Files\Java\jdk-21\bin\VCRUNTIME140.dll
0x00007ff8bff80000 - 0x00007ff8bff99000 	C:\Program Files\Java\jdk-21\bin\jli.dll
0x00007ff8c5880000 - 0x00007ff8c592f000 	C:\windows\System32\ADVAPI32.dll
0x00007ff8c5470000 - 0x00007ff8c550e000 	C:\windows\System32\msvcrt.dll
0x00007ff8c5a40000 - 0x00007ff8c5adf000 	C:\windows\System32\sechost.dll
0x00007ff8c6160000 - 0x00007ff8c6283000 	C:\windows\System32\RPCRT4.dll
0x00007ff8c4440000 - 0x00007ff8c4467000 	C:\windows\System32\bcrypt.dll
0x00007ff8c4930000 - 0x00007ff8c4acd000 	C:\windows\System32\USER32.dll
0x00007ff8c4110000 - 0x00007ff8c4132000 	C:\windows\System32\win32u.dll
0x00007ff8c47d0000 - 0x00007ff8c47fb000 	C:\windows\System32\GDI32.dll
0x00007ff8c3ff0000 - 0x00007ff8c410a000 	C:\windows\System32\gdi32full.dll
0x00007ff8c3f50000 - 0x00007ff8c3fed000 	C:\windows\System32\msvcp_win.dll
0x00007ff8b1bb0000 - 0x00007ff8b1e4a000 	C:\windows\WinSxS\amd64_microsoft.windows.common-controls_6595b64144ccf1df_6.0.19041.4355_none_60b8b9eb71f62e16\COMCTL32.dll
0x00007ff8b2250000 - 0x00007ff8b225a000 	C:\windows\SYSTEM32\VERSION.dll
0x00007ff8c5570000 - 0x00007ff8c559f000 	C:\windows\System32\IMM32.DLL
0x00007ff8bff70000 - 0x00007ff8bff7c000 	C:\Program Files\Java\jdk-21\bin\vcruntime140_1.dll
0x00007ff8b1140000 - 0x00007ff8b11ce000 	C:\Program Files\Java\jdk-21\bin\msvcp140.dll
0x00007ff88aa50000 - 0x00007ff88b767000 	C:\Program Files\Java\jdk-21\bin\server\jvm.dll
0x00007ff8c5250000 - 0x00007ff8c52bb000 	C:\windows\System32\WS2_32.dll
0x00007ff8c3950000 - 0x00007ff8c399b000 	C:\windows\SYSTEM32\POWRPROF.dll
0x00007ff8af1e0000 - 0x00007ff8af207000 	C:\windows\SYSTEM32\WINMM.dll
0x00007ff8c3930000 - 0x00007ff8c3942000 	C:\windows\SYSTEM32\UMPDC.dll
0x00007ff8c22d0000 - 0x00007ff8c22e2000 	C:\windows\SYSTEM32\kernel.appcore.dll
0x00007ff8bff60000 - 0x00007ff8bff6a000 	C:\Program Files\Java\jdk-21\bin\jimage.dll
0x00007ff8c20c0000 - 0x00007ff8c22a4000 	C:\windows\SYSTEM32\DBGHELP.DLL
0x00007ff8ad450000 - 0x00007ff8ad484000 	C:\windows\SYSTEM32\dbgcore.DLL
0x00007ff8c3dc0000 - 0x00007ff8c3e42000 	C:\windows\System32\bcryptPrimitives.dll
0x00007ff8bc2f0000 - 0x00007ff8bc30f000 	C:\Program Files\Java\jdk-21\bin\java.dll
0x00007ff8c4ad0000 - 0x00007ff8c523d000 	C:\windows\System32\SHELL32.dll
0x00007ff8c1840000 - 0x00007ff8c1fe4000 	C:\windows\SYSTEM32\windows.storage.dll
0x00007ff8c4470000 - 0x00007ff8c47c5000 	C:\windows\System32\combase.dll
0x00007ff8c3430000 - 0x00007ff8c345f000 	C:\windows\SYSTEM32\Wldp.dll
0x00007ff8c5600000 - 0x00007ff8c56cd000 	C:\windows\System32\OLEAUT32.dll
0x00007ff8c5930000 - 0x00007ff8c59dd000 	C:\windows\System32\SHCORE.dll
0x00007ff8c59e0000 - 0x00007ff8c5a35000 	C:\windows\System32\shlwapi.dll
0x00007ff8c3a20000 - 0x00007ff8c3a44000 	C:\windows\SYSTEM32\profapi.dll
0x00007ff8ac1c0000 - 0x00007ff8ac297000 	C:\Program Files\Java\jdk-21\bin\jsvml.dll
0x00007ff8bff50000 - 0x00007ff8bff60000 	C:\Program Files\Java\jdk-21\bin\net.dll
0x00007ff8bcb30000 - 0x00007ff8bcc3a000 	C:\windows\SYSTEM32\WINHTTP.dll
0x00007ff8c3150000 - 0x00007ff8c31bc000 	C:\windows\system32\mswsock.dll
0x00007ff8bc2d0000 - 0x00007ff8bc2e6000 	C:\Program Files\Java\jdk-21\bin\nio.dll
0x00007ff8bc280000 - 0x00007ff8bc298000 	C:\Program Files\Java\jdk-21\bin\zip.dll
0x0000000069ac0000 - 0x0000000069ae4000 	C:\Users\LENOVO\.m2\wrapper\dists\apache-maven-3.9.6\834f1afe40575b70b4b2527f4b12df8e\lib\jansi-native\Windows\x86_64\jansi.dll
0x00007ff8bff10000 - 0x00007ff8bff20000 	C:\Program Files\Java\jdk-21\bin\verify.dll

dbghelp: loaded successfully - version: 4.0.5 - missing functions: none
symbol engine: initialized successfully - sym options: 0x614 - pdb path: .;C:\Program Files\Java\jdk-21\bin;C:\windows\SYSTEM32;C:\windows\WinSxS\amd64_microsoft.windows.common-controls_6595b64144ccf1df_6.0.19041.4355_none_60b8b9eb71f62e16;C:\Program Files\Java\jdk-21\bin\server;C:\Users\LENOVO\.m2\wrapper\dists\apache-maven-3.9.6\834f1afe40575b70b4b2527f4b12df8e\lib\jansi-native\Windows\x86_64

VM Arguments:
jvm_args: -Dclassworlds.conf=C:\Users\LENOVO\.m2\wrapper\dists\apache-maven-3.9.6\834f1afe40575b70b4b2527f4b12df8e\bin\m2.conf -Dmaven.home=C:\Users\LENOVO\.m2\wrapper\dists\apache-maven-3.9.6\834f1afe40575b70b4b2527f4b12df8e -Dlibrary.jansi.path=C:\Users\LENOVO\.m2\wrapper\dists\apache-maven-3.9.6\834f1afe40575b70b4b2527f4b12df8e\lib\jansi-native -Dmaven.multiModuleProjectDirectory=P:\skwidl 
java_command: org.codehaus.plexus.classworlds.launcher.Launcher k8s:build@k8s-images-db -DskipTests -pl customers,products
java_class_path (initial): C:\Users\LENOVO\.m2\wrapper\dists\apache-maven-3.9.6\834f1afe40575b70b4b2527f4b12df8e\boot\plexus-classworlds-2.7.0.jar
Launcher Type: SUN_STANDARD

[Global flags]
     intx CICompilerCount                          = 3                                         {product} {ergonomic}
     uint ConcGCThreads                            = 1                                         {product} {ergonomic}
     uint G1ConcRefinementThreads                  = 4                                         {product} {ergonomic}
   size_t G1HeapRegionSize                         = 4194304                                   {product} {ergonomic}
    uintx GCDrainStackTargetSize                   = 64                                        {product} {ergonomic}
   size_t InitialHeapSize                          = 335544320                                 {product} {ergonomic}
   size_t MarkStackSize                            = 4194304                                   {product} {ergonomic}
   size_t MaxHeapSize                              = 5347737600                                {product} {ergonomic}
   size_t MaxNewSize                               = 3208642560                                {product} {ergonomic}
   size_t MinHeapDeltaBytes                        = 4194304                                   {product} {ergonomic}
   size_t MinHeapSize                              = 8388608                                   {product} {ergonomic}
    uintx NonNMethodCodeHeapSize                   = 5832780                                {pd product} {ergonomic}
    uintx NonProfiledCodeHeapSize                  = 122912730                              {pd product} {ergonomic}
    uintx ProfiledCodeHeapSize                     = 122912730                              {pd product} {ergonomic}
    uintx ReservedCodeCacheSize                    = 251658240                              {pd product} {ergonomic}
     bool SegmentedCodeCache                       = true                                      {product} {ergonomic}
   size_t SoftMaxHeapSize                          = 5347737600                             {manageable} {ergonomic}
     bool UseCompressedOops                        = true                           {product lp64_product} {ergonomic}
     bool UseG1GC                                  = true                                      {product} {ergonomic}
     bool UseLargePagesIndividualAllocation        = false                                  {pd product} {ergonomic}

Logging:
Log output configuration:
 #0: stdout all=warning uptime,level,tags foldmultilines=false
 #1: stderr all=off uptime,level,tags foldmultilines=false

Environment Variables:
JAVA_HOME=C:\Program Files\Java\jdk-21
CLASSPATH=D:\tools\Lingo\Lingo20.jar
PATH=D:\tools\VMWare\bin\;C:\Python312\Scripts\;C:\Python312\;C:\Program Files\Python310\Scripts\;C:\Program Files\Python310\;C:\Program Files\Common Files\Oracle\Java\javapath;C:\Program Files (x86)\Intel\iCLS Client\;C:\Program Files\Intel\iCLS Client\;C:\windows\system32;C:\windows;C:\windows\System32\Wbem;C:\windows\System32\WindowsPowerShell\v1.0\;C:\Program Files (x86)\Intel\Intel(R) Management Engine Components\DAL;C:\Program Files\Intel\Intel(R) Management Engine Components\DAL;C:\Program Files (x86)\Intel\Intel(R) Management Engine Components\IPT;C:\Program Files\Intel\Intel(R) Management Engine Components\IPT;C:\windows\System32\OpenSSH\;D:\tools\Dependencies\ffmpeg-master-latest-win64-gpl\bin;D:\tools\apache-maven-3.9.1\bin\mvn;D:\tools\Lingo\;D:\tools\mongosh-1.10.6-win32-x64\bin;D:\tools\scala\sbt\bin;C:\ProgramData\chocolatey\bin;C:\Program Files\Git\cmd;D:\tools\Wireshark;C:\Users\Lenovo\.krew\bin;C:\Program Files (x86)\Windows Kits\10\Windows Performance Toolkit\;C:\Program Files\Java\jdk-21\bin\;D:\tools\Gpg4win\..\GnuPG\bin;D:\tools\nvm;D:\tools\Nodejs;D:\tools\AWS_CLI\;C:\Program Files\Docker\Docker\resources\bin;C:\Users\LENOVO\AppData\Local\Microsoft\WindowsApps;C:\Users\LENOVO\AppData\Local\Programs\Microsoft VS Code\bin;C:\Users\LENOVO\AppData\Local\GitHubDesktop\bin;C:\Users\LENOVO\AppData\Roaming\Python\Python310\Scripts;D:\tools\Dependencies\ffmpeg-master-latest-win64-gpl\bin;D:\tools\apache-maven-3.9.1\bin\mvn;D:\tools\mongosh-1.10.6-win32-x64\bin;C:\Users\LENOVO\AppData\Roaming\npm;D:\tools\IntelliJ IDEA\IntelliJ IDEA 2024.1\bin;D:\tools\JetBrains\DataGrip 2024.1.2\bin;C:\Program Files\Java\jdk-21\bin;C:\Users\Lenovo\.krew\bin;D:\tools\Wireshark;C:\Users\LENOVO\.jetbrains\helm;D:\tools\Intellij WebStorm\WebStorm 2024.2.3\bin;;D:\tools\nvm;D:\tools\Nodejs
USERNAME=LENOVO
OS=Windows_NT
PROCESSOR_IDENTIFIER=Intel64 Family 6 Model 142 Stepping 9, GenuineIntel
TMP=C:\Users\LENOVO\AppData\Local\Temp
TEMP=C:\Users\LENOVO\AppData\Local\Temp




Periodic native trim disabled

---------------  S Y S T E M  ---------------

OS:
 Windows 10 , 64 bit Build 19041 (10.0.19041.5438)
OS uptime: 0 days 10:06 hours
Hyper-V role detected

CPU: total 4 (initial active 4) (2 cores per cpu, 2 threads per core) family 6 model 142 stepping 9 microcode 0xea, cx8, cmov, fxsr, ht, mmx, 3dnowpref, sse, sse2, sse3, ssse3, sse4.1, sse4.2, popcnt, lzcnt, tsc, tscinvbit, avx, avx2, aes, erms, clmul, bmi1, bmi2, adx, fma, vzeroupper, clflush, clflushopt, hv, rdtscp, f16c
Processor Information for all 4 processors :
  Max Mhz: 2712, Current Mhz: 2511, Mhz Limit: 2495

Memory: 4k page, system-wide physical 20389M (3512M free)
TotalPageFile size 21401M (AvailPageFile size 1M)
current process WorkingSet (physical memory assigned to process): 312M, peak: 319M
current process commit charge ("private bytes"): 450M, peak: 458M

vm_info: Java HotSpot(TM) 64-Bit Server VM (21.0.2+13-LTS-58) for windows-amd64 JRE (21.0.2+13-LTS-58), built on 2024-01-05T18:32:24Z by "mach5one" with MS VC++ 17.1 (VS2022)

END.
