#
# There is insufficient memory for the Java Runtime Environment to continue.
# Native memory allocation (malloc) failed to allocate 32744 bytes for Chunk::new
# Possible reasons:
#   The system is out of physical RAM or swap space
#   The process is running with CompressedOops enabled, and the Java Heap may be blocking the growth of the native heap
# Possible solutions:
#   Reduce memory load on the system
#   Increase physical memory or swap space
#   Check if swap backing store is full
#   Decrease Java heap size (-Xmx/-Xms)
#   Decrease number of Java threads
#   Decrease Java thread stack sizes (-Xss)
#   Set larger code cache with -XX:ReservedCodeCacheSize=
#   JVM is running with Zero Based Compressed Oops mode in which the Java heap is
#     placed in the first 32GB address space. The Java Heap base address is the
#     maximum limit for the native heap growth. Please use -XX:HeapBaseMinAddress
#     to set the Java Heap base and to place the Java Heap above 32GB virtual address.
# This output file may be truncated or incomplete.
#
#  Out of Memory Error (arena.cpp:168), pid=4220, tid=11504
#
# JRE version: Java(TM) SE Runtime Environment (21.0.2+13) (build 21.0.2+13-LTS-58)
# Java VM: Java HotSpot(TM) 64-Bit Server VM (21.0.2+13-LTS-58, mixed mode, sharing, tiered, compressed oops, compressed class ptrs, g1 gc, windows-amd64)
# No core dump will be written. Minidumps are not enabled by default on client versions of Windows
#

---------------  S U M M A R Y ------------

Command Line: -Dclassworlds.conf=C:\Users\LENOVO\.m2\wrapper\dists\apache-maven-3.9.6\834f1afe40575b70b4b2527f4b12df8e\bin\m2.conf -Dmaven.home=C:\Users\LENOVO\.m2\wrapper\dists\apache-maven-3.9.6\834f1afe40575b70b4b2527f4b12df8e -Dlibrary.jansi.path=C:\Users\LENOVO\.m2\wrapper\dists\apache-maven-3.9.6\834f1afe40575b70b4b2527f4b12df8e\lib\jansi-native -Dmaven.multiModuleProjectDirectory=P:\skwidl org.codehaus.plexus.classworlds.launcher.Launcher clean install -DskipTests -pl commons,customers,orders,products -rf :orders

Host: Intel(R) Core(TM) i5-7200U CPU @ 2.50GHz, 4 cores, 19G,  Windows 10 , 64 bit Build 19041 (10.0.19041.5438)
Time: Tue Mar  4 16:41:23 2025 Hora estándar de Argentina elapsed time: 67.378752 seconds (0d 0h 1m 7s)

---------------  T H R E A D  ---------------

Current thread (0x000001d87e36b270):  JavaThread "C2 CompilerThread0" daemon [_thread_in_native, id=11504, stack(0x0000003fbc100000,0x0000003fbc200000) (1024K)]


Current CompileTask:
C2:  67378 11686   !   4       java.lang.ClassLoader::loadClass (121 bytes)

Stack: [0x0000003fbc100000,0x0000003fbc200000]
Native frames: (J=compiled Java code, j=interpreted, Vv=VM code, C=native code)
V  [jvm.dll+0x6cade9]
V  [jvm.dll+0x8569c1]
V  [jvm.dll+0x858d2e]
V  [jvm.dll+0x859413]
V  [jvm.dll+0x280e56]
V  [jvm.dll+0xc3f3d]
V  [jvm.dll+0xc4473]
V  [jvm.dll+0x3baf48]
V  [jvm.dll+0x5d6718]
V  [jvm.dll+0x5d57f6]
V  [jvm.dll+0x5d6075]
V  [jvm.dll+0x382884]
V  [jvm.dll+0x381cca]
V  [jvm.dll+0x249bd0]
V  [jvm.dll+0x2491b1]
V  [jvm.dll+0x1c9634]
V  [jvm.dll+0x258859]
V  [jvm.dll+0x256e3a]
V  [jvm.dll+0x3ef6c6]
V  [jvm.dll+0x7ff568]
V  [jvm.dll+0x6c953d]
C  [ucrtbase.dll+0x21bb2]
C  [KERNEL32.DLL+0x17374]
C  [ntdll.dll+0x4cc91]


---------------  P R O C E S S  ---------------

Threads class SMR info:
_java_thread_list=0x000001d84a956500, length=12, elements={
0x000001d861466990, 0x000001d87e35a960, 0x000001d87e35b830, 0x000001d87e362160,
0x000001d87e362ff0, 0x000001d87e363c00, 0x000001d87e369b70, 0x000001d87e36b270,
0x000001d87e36ded0, 0x000001d84a1fa450, 0x000001d84a1fe4b0, 0x000001d84ec38920
}

Java Threads: ( => current thread )
  0x000001d861466990 JavaThread "main"                              [_thread_in_native, id=15764, stack(0x0000003fbb300000,0x0000003fbb400000) (1024K)]
  0x000001d87e35a960 JavaThread "Reference Handler"          daemon [_thread_blocked, id=2300, stack(0x0000003fbbb00000,0x0000003fbbc00000) (1024K)]
  0x000001d87e35b830 JavaThread "Finalizer"                  daemon [_thread_blocked, id=7768, stack(0x0000003fbbc00000,0x0000003fbbd00000) (1024K)]
  0x000001d87e362160 JavaThread "Signal Dispatcher"          daemon [_thread_blocked, id=8644, stack(0x0000003fbbd00000,0x0000003fbbe00000) (1024K)]
  0x000001d87e362ff0 JavaThread "Attach Listener"            daemon [_thread_blocked, id=2612, stack(0x0000003fbbe00000,0x0000003fbbf00000) (1024K)]
  0x000001d87e363c00 JavaThread "Service Thread"             daemon [_thread_blocked, id=14068, stack(0x0000003fbbf00000,0x0000003fbc000000) (1024K)]
  0x000001d87e369b70 JavaThread "Monitor Deflation Thread"   daemon [_thread_blocked, id=15304, stack(0x0000003fbc000000,0x0000003fbc100000) (1024K)]
=>0x000001d87e36b270 JavaThread "C2 CompilerThread0"         daemon [_thread_in_native, id=11504, stack(0x0000003fbc100000,0x0000003fbc200000) (1024K)]
  0x000001d87e36ded0 JavaThread "C1 CompilerThread0"         daemon [_thread_blocked, id=8916, stack(0x0000003fbc200000,0x0000003fbc300000) (1024K)]
  0x000001d84a1fa450 JavaThread "Notification Thread"        daemon [_thread_blocked, id=11180, stack(0x0000003fbc300000,0x0000003fbc400000) (1024K)]
  0x000001d84a1fe4b0 JavaThread "Common-Cleaner"             daemon [_thread_blocked, id=4872, stack(0x0000003fbc400000,0x0000003fbc500000) (1024K)]
  0x000001d84ec38920 JavaThread "C2 CompilerThread1"         daemon [_thread_blocked, id=14972, stack(0x0000003fbb000000,0x0000003fbb100000) (1024K)]
Total: 12

Other Threads:
  0x000001d87e33bea0 VMThread "VM Thread"                           [id=4980, stack(0x0000003fbba00000,0x0000003fbbb00000) (1024K)]
  0x000001d86370ec00 WatcherThread "VM Periodic Task Thread"        [id=16004, stack(0x0000003fbb900000,0x0000003fbba00000) (1024K)]
  0x000001d8636b4de0 WorkerThread "GC Thread#0"                     [id=11432, stack(0x0000003fbb400000,0x0000003fbb500000) (1024K)]
  0x000001d84abed620 WorkerThread "GC Thread#1"                     [id=13076, stack(0x0000003fbc500000,0x0000003fbc600000) (1024K)]
  0x000001d84abc8b60 WorkerThread "GC Thread#2"                     [id=9944, stack(0x0000003fbc600000,0x0000003fbc700000) (1024K)]
  0x000001d84abc8f00 WorkerThread "GC Thread#3"                     [id=14792, stack(0x0000003fbc700000,0x0000003fbc800000) (1024K)]
  0x000001d8636bfb20 ConcurrentGCThread "G1 Main Marker"            [id=11404, stack(0x0000003fbb500000,0x0000003fbb600000) (1024K)]
  0x000001d8636c0d80 WorkerThread "G1 Conc#0"                       [id=7244, stack(0x0000003fbb600000,0x0000003fbb700000) (1024K)]
  0x000001d87e2010b0 ConcurrentGCThread "G1 Refine#0"               [id=5332, stack(0x0000003fbb700000,0x0000003fbb800000) (1024K)]
  0x000001d87e202380 ConcurrentGCThread "G1 Service"                [id=13648, stack(0x0000003fbb800000,0x0000003fbb900000) (1024K)]
Total: 10

Threads with active compile tasks:
C2 CompilerThread0    67464 11686   !   4       java.lang.ClassLoader::loadClass (121 bytes)
Total: 1

VM state: not at safepoint (normal execution)

VM Mutex/Monitor currently owned by a thread: None

Heap address: 0x00000006c1400000, size: 5100 MB, Compressed Oops mode: Zero based, Oop shift amount: 3

CDS archive(s) mapped at: [0x000001d805000000-0x000001d805c90000-0x000001d805c90000), size 13172736, SharedBaseAddress: 0x000001d805000000, ArchiveRelocationMode: 1.
Compressed class space mapped at: 0x000001d806000000-0x000001d846000000, reserved size: 1073741824
Narrow klass base: 0x000001d805000000, Narrow klass shift: 0, Narrow klass range: 0x100000000

GC Precious Log:
 CardTable entry size: 512
 Card Set container configuration: InlinePtr #cards 4 size 8 Array Of Cards #cards 32 size 80 Howl #buckets 8 coarsen threshold 7372 Howl Bitmap #cards 1024 size 144 coarsen threshold 921 Card regions per heap region 1 cards per card region 8192
 CPUs: 4 total, 4 available
 Memory: 20389M
 Large Page Support: Disabled
 NUMA Support: Disabled
 Compressed Oops: Enabled (Zero based)
 Heap Region Size: 4M
 Heap Min Capacity: 8M
 Heap Initial Capacity: 320M
 Heap Max Capacity: 5100M
 Pre-touch: Disabled
 Parallel Workers: 4
 Concurrent Workers: 1
 Concurrent Refinement Workers: 4
 Periodic GC: Disabled

Heap:
 garbage-first heap   total 229376K, used 129020K [0x00000006c1400000, 0x0000000800000000)
  region size 4096K, 6 young (24576K), 3 survivors (12288K)
 Metaspace       used 41993K, committed 42624K, reserved 1114112K
  class space    used 4679K, committed 4992K, reserved 1048576K

Heap Regions: E=young(eden), S=young(survivor), O=old, HS=humongous(starts), HC=humongous(continues), CS=collection set, F=free, TAMS=top-at-mark-start, PB=parsable bottom
|   0|0x00000006c1400000, 0x00000006c1800000, 0x00000006c1800000|100%| O|  |TAMS 0x00000006c1400000| PB 0x00000006c1400000| Untracked 
|   1|0x00000006c1800000, 0x00000006c1c00000, 0x00000006c1c00000|100%| O|  |TAMS 0x00000006c1800000| PB 0x00000006c1800000| Untracked 
|   2|0x00000006c1c00000, 0x00000006c2000000, 0x00000006c2000000|100%| O|  |TAMS 0x00000006c1c00000| PB 0x00000006c1c00000| Untracked 
|   3|0x00000006c2000000, 0x00000006c2400000, 0x00000006c2400000|100%| O|  |TAMS 0x00000006c2000000| PB 0x00000006c2000000| Untracked 
|   4|0x00000006c2400000, 0x00000006c2800000, 0x00000006c2800000|100%| O|  |TAMS 0x00000006c2400000| PB 0x00000006c2400000| Untracked 
|   5|0x00000006c2800000, 0x00000006c2c00000, 0x00000006c2c00000|100%| O|  |TAMS 0x00000006c2800000| PB 0x00000006c2800000| Untracked 
|   6|0x00000006c2c00000, 0x00000006c3000000, 0x00000006c3000000|100%| O|  |TAMS 0x00000006c2c00000| PB 0x00000006c2c00000| Untracked 
|   7|0x00000006c3000000, 0x00000006c3400000, 0x00000006c3400000|100%| O|  |TAMS 0x00000006c3000000| PB 0x00000006c3000000| Untracked 
|   8|0x00000006c3400000, 0x00000006c3800000, 0x00000006c3800000|100%|HS|  |TAMS 0x00000006c3400000| PB 0x00000006c3400000| Complete 
|   9|0x00000006c3800000, 0x00000006c39ff080, 0x00000006c3c00000| 49%| O|  |TAMS 0x00000006c3800000| PB 0x00000006c3800000| Untracked 
|  10|0x00000006c3c00000, 0x00000006c4000000, 0x00000006c4000000|100%| O|  |TAMS 0x00000006c3c00000| PB 0x00000006c3c00000| Untracked 
|  11|0x00000006c4000000, 0x00000006c4400000, 0x00000006c4400000|100%| O|  |TAMS 0x00000006c4000000| PB 0x00000006c4000000| Untracked 
|  12|0x00000006c4400000, 0x00000006c4400000, 0x00000006c4800000|  0%| F|  |TAMS 0x00000006c4400000| PB 0x00000006c4400000| Untracked 
|  13|0x00000006c4800000, 0x00000006c4800000, 0x00000006c4c00000|  0%| F|  |TAMS 0x00000006c4800000| PB 0x00000006c4800000| Untracked 
|  14|0x00000006c4c00000, 0x00000006c5000000, 0x00000006c5000000|100%| O|  |TAMS 0x00000006c4c00000| PB 0x00000006c4c00000| Untracked 
|  15|0x00000006c5000000, 0x00000006c5400000, 0x00000006c5400000|100%| O|  |TAMS 0x00000006c5000000| PB 0x00000006c5000000| Untracked 
|  16|0x00000006c5400000, 0x00000006c5800000, 0x00000006c5800000|100%| O|  |TAMS 0x00000006c5400000| PB 0x00000006c5400000| Untracked 
|  17|0x00000006c5800000, 0x00000006c5c00000, 0x00000006c5c00000|100%| O|  |TAMS 0x00000006c5800000| PB 0x00000006c5800000| Untracked 
|  18|0x00000006c5c00000, 0x00000006c6000000, 0x00000006c6000000|100%| O|  |TAMS 0x00000006c5c00000| PB 0x00000006c5c00000| Untracked 
|  19|0x00000006c6000000, 0x00000006c6400000, 0x00000006c6400000|100%| O|  |TAMS 0x00000006c6000000| PB 0x00000006c6000000| Untracked 
|  20|0x00000006c6400000, 0x00000006c6800000, 0x00000006c6800000|100%| O|  |TAMS 0x00000006c6400000| PB 0x00000006c6400000| Untracked 
|  21|0x00000006c6800000, 0x00000006c6c00000, 0x00000006c6c00000|100%| O|  |TAMS 0x00000006c6800000| PB 0x00000006c6800000| Untracked 
|  22|0x00000006c6c00000, 0x00000006c7000000, 0x00000006c7000000|100%| O|  |TAMS 0x00000006c6c00000| PB 0x00000006c6c00000| Untracked 
|  23|0x00000006c7000000, 0x00000006c7400000, 0x00000006c7400000|100%| O|  |TAMS 0x00000006c7000000| PB 0x00000006c7000000| Untracked 
|  24|0x00000006c7400000, 0x00000006c7800000, 0x00000006c7800000|100%| O|  |TAMS 0x00000006c7400000| PB 0x00000006c7400000| Untracked 
|  25|0x00000006c7800000, 0x00000006c7c00000, 0x00000006c7c00000|100%| O|  |TAMS 0x00000006c7800000| PB 0x00000006c7800000| Untracked 
|  26|0x00000006c7c00000, 0x00000006c8000000, 0x00000006c8000000|100%| O|  |TAMS 0x00000006c7c00000| PB 0x00000006c7c00000| Untracked 
|  27|0x00000006c8000000, 0x00000006c8400000, 0x00000006c8400000|100%| O|  |TAMS 0x00000006c8000000| PB 0x00000006c8000000| Untracked 
|  28|0x00000006c8400000, 0x00000006c8400000, 0x00000006c8800000|  0%| F|  |TAMS 0x00000006c8400000| PB 0x00000006c8400000| Untracked 
|  29|0x00000006c8800000, 0x00000006c8c00000, 0x00000006c8c00000|100%| S|CS|TAMS 0x00000006c8800000| PB 0x00000006c8800000| Complete 
|  30|0x00000006c8c00000, 0x00000006c8c00000, 0x00000006c9000000|  0%| F|  |TAMS 0x00000006c8c00000| PB 0x00000006c8c00000| Untracked 
|  31|0x00000006c9000000, 0x00000006c9000000, 0x00000006c9400000|  0%| F|  |TAMS 0x00000006c9000000| PB 0x00000006c9000000| Untracked 
|  32|0x00000006c9400000, 0x00000006c9400000, 0x00000006c9800000|  0%| F|  |TAMS 0x00000006c9400000| PB 0x00000006c9400000| Untracked 
|  33|0x00000006c9800000, 0x00000006c9c00000, 0x00000006c9c00000|100%| S|CS|TAMS 0x00000006c9800000| PB 0x00000006c9800000| Complete 
|  34|0x00000006c9c00000, 0x00000006ca000000, 0x00000006ca000000|100%| S|CS|TAMS 0x00000006c9c00000| PB 0x00000006c9c00000| Complete 
|  35|0x00000006ca000000, 0x00000006ca000000, 0x00000006ca400000|  0%| F|  |TAMS 0x00000006ca000000| PB 0x00000006ca000000| Untracked 
|  36|0x00000006ca400000, 0x00000006ca400000, 0x00000006ca800000|  0%| F|  |TAMS 0x00000006ca400000| PB 0x00000006ca400000| Untracked 
|  37|0x00000006ca800000, 0x00000006ca800000, 0x00000006cac00000|  0%| F|  |TAMS 0x00000006ca800000| PB 0x00000006ca800000| Untracked 
|  38|0x00000006cac00000, 0x00000006cac00000, 0x00000006cb000000|  0%| F|  |TAMS 0x00000006cac00000| PB 0x00000006cac00000| Untracked 
|  39|0x00000006cb000000, 0x00000006cb000000, 0x00000006cb400000|  0%| F|  |TAMS 0x00000006cb000000| PB 0x00000006cb000000| Untracked 
|  40|0x00000006cb400000, 0x00000006cb400000, 0x00000006cb800000|  0%| F|  |TAMS 0x00000006cb400000| PB 0x00000006cb400000| Untracked 
|  41|0x00000006cb800000, 0x00000006cb800000, 0x00000006cbc00000|  0%| F|  |TAMS 0x00000006cb800000| PB 0x00000006cb800000| Untracked 
|  42|0x00000006cbc00000, 0x00000006cbc00000, 0x00000006cc000000|  0%| F|  |TAMS 0x00000006cbc00000| PB 0x00000006cbc00000| Untracked 
|  43|0x00000006cc000000, 0x00000006cc000000, 0x00000006cc400000|  0%| F|  |TAMS 0x00000006cc000000| PB 0x00000006cc000000| Untracked 
|  44|0x00000006cc400000, 0x00000006cc400000, 0x00000006cc800000|  0%| F|  |TAMS 0x00000006cc400000| PB 0x00000006cc400000| Untracked 
|  45|0x00000006cc800000, 0x00000006cc800000, 0x00000006ccc00000|  0%| F|  |TAMS 0x00000006cc800000| PB 0x00000006cc800000| Untracked 
|  46|0x00000006ccc00000, 0x00000006ccc00000, 0x00000006cd000000|  0%| F|  |TAMS 0x00000006ccc00000| PB 0x00000006ccc00000| Untracked 
|  47|0x00000006cd000000, 0x00000006cd000000, 0x00000006cd400000|  0%| F|  |TAMS 0x00000006cd000000| PB 0x00000006cd000000| Untracked 
|  68|0x00000006d2400000, 0x00000006d2400000, 0x00000006d2800000|  0%| F|  |TAMS 0x00000006d2400000| PB 0x00000006d2400000| Untracked 
|  69|0x00000006d2800000, 0x00000006d2800000, 0x00000006d2c00000|  0%| F|  |TAMS 0x00000006d2800000| PB 0x00000006d2800000| Untracked 
|  79|0x00000006d5000000, 0x00000006d5000000, 0x00000006d5400000|  0%| F|  |TAMS 0x00000006d5000000| PB 0x00000006d5000000| Untracked 
|1270|0x00000007fec00000, 0x00000007ff000000, 0x00000007ff000000|100%| O|  |TAMS 0x00000007fec00000| PB 0x00000007fec00000| Untracked 
|1271|0x00000007ff000000, 0x00000007ff000000, 0x00000007ff400000|  0%| F|  |TAMS 0x00000007ff000000| PB 0x00000007ff000000| Untracked 
|1272|0x00000007ff400000, 0x00000007ff7307a0, 0x00000007ff800000| 79%| E|  |TAMS 0x00000007ff400000| PB 0x00000007ff400000| Complete 
|1273|0x00000007ff800000, 0x00000007ffc00000, 0x00000007ffc00000|100%| E|CS|TAMS 0x00000007ff800000| PB 0x00000007ff800000| Complete 
|1274|0x00000007ffc00000, 0x0000000800000000, 0x0000000800000000|100%| E|CS|TAMS 0x00000007ffc00000| PB 0x00000007ffc00000| Complete 

Card table byte_map: [0x000001d87b4b0000,0x000001d87beb0000] _byte_map_base: 0x000001d877ea6000

Marking Bits: (CMBitMap*) 0x000001d8636b52f0
 Bits: [0x000001d800000000, 0x000001d804fb0000)

Polling page: 0x000001d862e10000

Metaspace:

Usage:
  Non-class:     36.44 MB used.
      Class:      4.57 MB used.
       Both:     41.01 MB used.

Virtual space:
  Non-class space:       64.00 MB reserved,      36.75 MB ( 57%) committed,  1 nodes.
      Class space:        1.00 GB reserved,       4.88 MB ( <1%) committed,  1 nodes.
             Both:        1.06 GB reserved,      41.62 MB (  4%) committed. 

Chunk freelists:
   Non-Class:  10.75 MB
       Class:  10.98 MB
        Both:  21.73 MB

MaxMetaspaceSize: unlimited
CompressedClassSpaceSize: 1.00 GB
Initial GC threshold: 21.00 MB
Current GC threshold: 56.06 MB
CDS: on
 - commit_granule_bytes: 65536.
 - commit_granule_words: 8192.
 - virtual_space_node_default_size: 8388608.
 - enlarge_chunks_in_place: 1.
 - use_allocation_guard: 0.


Internal statistics:

num_allocs_failed_limit: 3.
num_arena_births: 692.
num_arena_deaths: 6.
num_vsnodes_births: 2.
num_vsnodes_deaths: 0.
num_space_committed: 682.
num_space_uncommitted: 8.
num_chunks_returned_to_freelist: 117.
num_chunks_taken_from_freelist: 2422.
num_chunk_merges: 19.
num_chunk_splits: 1647.
num_chunks_enlarged: 1237.
num_inconsistent_stats: 0.

CodeHeap 'non-profiled nmethods': size=120000Kb used=8494Kb max_used=8494Kb free=111505Kb
 bounds [0x000001d873580000, 0x000001d873dd0000, 0x000001d87aab0000]
CodeHeap 'profiled nmethods': size=120000Kb used=25530Kb max_used=25530Kb free=94470Kb
 bounds [0x000001d86bab0000, 0x000001d86d3a0000, 0x000001d872fe0000]
CodeHeap 'non-nmethods': size=5760Kb used=1540Kb max_used=1747Kb free=4219Kb
 bounds [0x000001d872fe0000, 0x000001d873250000, 0x000001d873580000]
 total_blobs=11149 nmethods=10544 adapters=509
 compilation: enabled
              stopped_count=0, restarted_count=0
 full_count=0

Compilation events (20 events):
Event: 66.796 Thread 0x000001d87e36ded0 nmethod 11712 0x000001d86d39de90 code [0x000001d86d39e040, 0x000001d86d39e1d8]
Event: 66.796 Thread 0x000001d87e36ded0 11713       3       java.util.BitSet::set (58 bytes)
Event: 66.797 Thread 0x000001d87e36ded0 nmethod 11713 0x000001d86d39e290 code [0x000001d86d39e500, 0x000001d86d39ed28]
Event: 66.847 Thread 0x000001d84ec38920 nmethod 11704 0x000001d873dc2210 code [0x000001d873dc2580, 0x000001d873dc54d8]
Event: 66.849 Thread 0x000001d84ec38920 11705       4       java.io.BufferedReader::readLine (7 bytes)
Event: 66.850 Thread 0x000001d84ec38920 nmethod 11705 0x000001d873dc6810 code [0x000001d873dc69a0, 0x000001d873dc6a58]
Event: 66.851 Thread 0x000001d84ec38920 11714       4       java.lang.String::hashCode (60 bytes)
Event: 66.853 Thread 0x000001d84ec38920 nmethod 11714 0x000001d873dc6b10 code [0x000001d873dc6ce0, 0x000001d873dc7030]
Event: 66.853 Thread 0x000001d84ec38920 11693       4       java.lang.Module::isNamed (13 bytes)
Event: 66.854 Thread 0x000001d84ec38920 nmethod 11693 0x000001d873dc7110 code [0x000001d873dc72a0, 0x000001d873dc7330]
Event: 66.854 Thread 0x000001d84ec38920 11666       4       java.lang.ClassLoader::getNamedPackage (73 bytes)
Event: 66.874 Thread 0x000001d84ec38920 nmethod 11666 0x000001d873dc7410 code [0x000001d873dc7680, 0x000001d873dc8260]
Event: 66.874 Thread 0x000001d84ec38920 11695       4       java.lang.Character::isSurrogate (18 bytes)
Event: 66.874 Thread 0x000001d84ec38920 nmethod 11695 0x000001d873dc8890 code [0x000001d873dc8a20, 0x000001d873dc8ab0]
Event: 66.880 Thread 0x000001d84ec38920 11715       4       java.util.WeakHashMap::put (160 bytes)
Event: 66.924 Thread 0x000001d84ec38920 nmethod 11715 0x000001d873dc8b90 code [0x000001d873dc8e40, 0x000001d873dca388]
Event: 66.924 Thread 0x000001d84ec38920 11716       4       org.codehaus.plexus.classworlds.realm.ClassRealm::findClass (9 bytes)
Event: 66.925 Thread 0x000001d84ec38920 nmethod 11716 0x000001d873dcac10 code [0x000001d873dcada0, 0x000001d873dcaea0]
Event: 66.952 Thread 0x000001d84ec38920 11717       4       java.lang.Throwable::<init> (39 bytes)
Event: 66.961 Thread 0x000001d84ec38920 nmethod 11717 0x000001d873dcaf90 code [0x000001d873dcb160, 0x000001d873dcba20]

GC Heap History (20 events):
Event: 28.507 GC heap before
{Heap before GC invocations=7 (full 0):
 garbage-first heap   total 200704K, used 72728K [0x00000006c1400000, 0x0000000800000000)
  region size 4096K, 6 young (24576K), 5 survivors (20480K)
 Metaspace       used 29172K, committed 29504K, reserved 1114112K
  class space    used 3214K, committed 3328K, reserved 1048576K
}
Event: 28.533 GC heap after
{Heap after GC invocations=8 (full 0):
 garbage-first heap   total 200704K, used 72487K [0x00000006c1400000, 0x0000000800000000)
  region size 4096K, 1 young (4096K), 1 survivors (4096K)
 Metaspace       used 29172K, committed 29504K, reserved 1114112K
  class space    used 3214K, committed 3328K, reserved 1048576K
}
Event: 37.103 GC heap before
{Heap before GC invocations=8 (full 0):
 garbage-first heap   total 200704K, used 158503K [0x00000006c1400000, 0x0000000800000000)
  region size 4096K, 22 young (90112K), 1 survivors (4096K)
 Metaspace       used 31194K, committed 31680K, reserved 1114112K
  class space    used 3414K, committed 3584K, reserved 1048576K
}
Event: 37.116 GC heap after
{Heap after GC invocations=9 (full 0):
 garbage-first heap   total 200704K, used 71640K [0x00000006c1400000, 0x0000000800000000)
  region size 4096K, 1 young (4096K), 1 survivors (4096K)
 Metaspace       used 31194K, committed 31680K, reserved 1114112K
  class space    used 3414K, committed 3584K, reserved 1048576K
}
Event: 44.006 GC heap before
{Heap before GC invocations=9 (full 0):
 garbage-first heap   total 200704K, used 165848K [0x00000006c1400000, 0x0000000800000000)
  region size 4096K, 24 young (98304K), 1 survivors (4096K)
 Metaspace       used 33791K, committed 34368K, reserved 1114112K
  class space    used 3702K, committed 3968K, reserved 1048576K
}
Event: 44.027 GC heap after
{Heap after GC invocations=10 (full 0):
 garbage-first heap   total 200704K, used 94208K [0x00000006c1400000, 0x0000000800000000)
  region size 4096K, 3 young (12288K), 3 survivors (12288K)
 Metaspace       used 33791K, committed 34368K, reserved 1114112K
  class space    used 3702K, committed 3968K, reserved 1048576K
}
Event: 46.102 GC heap before
{Heap before GC invocations=10 (full 0):
 garbage-first heap   total 200704K, used 159744K [0x00000006c1400000, 0x0000000800000000)
  region size 4096K, 20 young (81920K), 3 survivors (12288K)
 Metaspace       used 33912K, committed 34496K, reserved 1114112K
  class space    used 3706K, committed 4032K, reserved 1048576K
}
Event: 46.131 GC heap after
{Heap after GC invocations=11 (full 0):
 garbage-first heap   total 204800K, used 120511K [0x00000006c1400000, 0x0000000800000000)
  region size 4096K, 3 young (12288K), 3 survivors (12288K)
 Metaspace       used 33912K, committed 34496K, reserved 1114112K
  class space    used 3706K, committed 4032K, reserved 1048576K
}
Event: 48.073 GC heap before
{Heap before GC invocations=11 (full 0):
 garbage-first heap   total 204800K, used 165567K [0x00000006c1400000, 0x0000000800000000)
  region size 4096K, 14 young (57344K), 3 survivors (12288K)
 Metaspace       used 34685K, committed 35264K, reserved 1114112K
  class space    used 3799K, committed 4096K, reserved 1048576K
}
Event: 48.094 GC heap after
{Heap after GC invocations=12 (full 0):
 garbage-first heap   total 204800K, used 129623K [0x00000006c1400000, 0x0000000800000000)
  region size 4096K, 2 young (8192K), 2 survivors (8192K)
 Metaspace       used 34685K, committed 35264K, reserved 1114112K
  class space    used 3799K, committed 4096K, reserved 1048576K
}
Event: 49.904 GC heap before
{Heap before GC invocations=13 (full 0):
 garbage-first heap   total 225280K, used 170583K [0x00000006c1400000, 0x0000000800000000)
  region size 4096K, 12 young (49152K), 2 survivors (8192K)
 Metaspace       used 33860K, committed 34496K, reserved 1114112K
  class space    used 3697K, committed 4032K, reserved 1048576K
}
Event: 49.919 GC heap after
{Heap after GC invocations=14 (full 0):
 garbage-first heap   total 225280K, used 131585K [0x00000006c1400000, 0x0000000800000000)
  region size 4096K, 1 young (4096K), 1 survivors (4096K)
 Metaspace       used 33860K, committed 34496K, reserved 1114112K
  class space    used 3697K, committed 4032K, reserved 1048576K
}
Event: 54.057 GC heap before
{Heap before GC invocations=14 (full 0):
 garbage-first heap   total 225280K, used 188929K [0x00000006c1400000, 0x0000000800000000)
  region size 4096K, 15 young (61440K), 1 survivors (4096K)
 Metaspace       used 35914K, committed 36480K, reserved 1114112K
  class space    used 3945K, committed 4224K, reserved 1048576K
}
Event: 54.081 GC heap after
{Heap after GC invocations=15 (full 0):
 garbage-first heap   total 225280K, used 113255K [0x00000006c1400000, 0x0000000800000000)
  region size 4096K, 2 young (8192K), 2 survivors (8192K)
 Metaspace       used 35914K, committed 36480K, reserved 1114112K
  class space    used 3945K, committed 4224K, reserved 1048576K
}
Event: 59.478 GC heap before
{Heap before GC invocations=15 (full 0):
 garbage-first heap   total 225280K, used 211559K [0x00000006c1400000, 0x0000000800000000)
  region size 4096K, 19 young (77824K), 2 survivors (8192K)
 Metaspace       used 38934K, committed 39488K, reserved 1114112K
  class space    used 4316K, committed 4544K, reserved 1048576K
}
Event: 59.494 GC heap after
{Heap after GC invocations=16 (full 0):
 garbage-first heap   total 229376K, used 105215K [0x00000006c1400000, 0x0000000800000000)
  region size 4096K, 2 young (8192K), 2 survivors (8192K)
 Metaspace       used 38934K, committed 39488K, reserved 1114112K
  class space    used 4316K, committed 4544K, reserved 1048576K
}
Event: 63.018 GC heap before
{Heap before GC invocations=16 (full 0):
 garbage-first heap   total 229376K, used 187135K [0x00000006c1400000, 0x0000000800000000)
  region size 4096K, 22 young (90112K), 2 survivors (8192K)
 Metaspace       used 39196K, committed 39808K, reserved 1114112K
  class space    used 4339K, committed 4608K, reserved 1048576K
}
Event: 63.039 GC heap after
{Heap after GC invocations=17 (full 0):
 garbage-first heap   total 229376K, used 110980K [0x00000006c1400000, 0x0000000800000000)
  region size 4096K, 3 young (12288K), 3 survivors (12288K)
 Metaspace       used 39196K, committed 39808K, reserved 1114112K
  class space    used 4339K, committed 4608K, reserved 1048576K
}
Event: 66.281 GC heap before
{Heap before GC invocations=17 (full 0):
 garbage-first heap   total 229376K, used 192900K [0x00000006c1400000, 0x0000000800000000)
  region size 4096K, 23 young (94208K), 3 survivors (12288K)
 Metaspace       used 40018K, committed 40640K, reserved 1114112K
  class space    used 4414K, committed 4672K, reserved 1048576K
}
Event: 66.299 GC heap after
{Heap after GC invocations=18 (full 0):
 garbage-first heap   total 229376K, used 120828K [0x00000006c1400000, 0x0000000800000000)
  region size 4096K, 3 young (12288K), 3 survivors (12288K)
 Metaspace       used 40018K, committed 40640K, reserved 1114112K
  class space    used 4414K, committed 4672K, reserved 1048576K
}

Dll operation events (9 events):
Event: 0.015 Loaded shared library C:\Program Files\Java\jdk-21\bin\java.dll
Event: 0.095 Loaded shared library C:\Program Files\Java\jdk-21\bin\jsvml.dll
Event: 0.157 Loaded shared library C:\Program Files\Java\jdk-21\bin\net.dll
Event: 0.160 Loaded shared library C:\Program Files\Java\jdk-21\bin\nio.dll
Event: 0.168 Loaded shared library C:\Program Files\Java\jdk-21\bin\zip.dll
Event: 0.564 Loaded shared library C:\Program Files\Java\jdk-21\bin\jimage.dll
Event: 0.611 Loaded shared library C:\Users\LENOVO\.m2\wrapper\dists\apache-maven-3.9.6\834f1afe40575b70b4b2527f4b12df8e\lib\jansi-native\Windows\x86_64\jansi.dll
Event: 0.667 Loaded shared library C:\Program Files\Java\jdk-21\bin\verify.dll
Event: 66.973 Loaded shared library C:\Program Files\Java\jdk-21\bin\extnet.dll

Deoptimization events (20 events):
Event: 66.688 Thread 0x000001d861466990 Uncommon trap: trap_request=0xffffffc6 fr.pc=0x000001d8737ff390 relative=0x00000000000013b0
Event: 66.688 Thread 0x000001d861466990 Uncommon trap: reason=bimorphic_or_optimized_type_check action=maybe_recompile pc=0x000001d8737ff390 method=java.util.concurrent.ConcurrentHashMap.putAll(Ljava/util/Map;)V @ 23 c2
Event: 66.688 Thread 0x000001d861466990 DEOPT PACKING pc=0x000001d8737ff390 sp=0x0000003fbb3fda30
Event: 66.688 Thread 0x000001d861466990 DEOPT UNPACKING pc=0x000001d8730346a2 sp=0x0000003fbb3fda00 mode 2
Event: 66.708 Thread 0x000001d861466990 Uncommon trap: trap_request=0xffffffc6 fr.pc=0x000001d8737ff390 relative=0x00000000000013b0
Event: 66.708 Thread 0x000001d861466990 Uncommon trap: reason=bimorphic_or_optimized_type_check action=maybe_recompile pc=0x000001d8737ff390 method=java.util.concurrent.ConcurrentHashMap.putAll(Ljava/util/Map;)V @ 23 c2
Event: 66.708 Thread 0x000001d861466990 DEOPT PACKING pc=0x000001d8737ff390 sp=0x0000003fbb3fdb80
Event: 66.708 Thread 0x000001d861466990 DEOPT UNPACKING pc=0x000001d8730346a2 sp=0x0000003fbb3fdb50 mode 2
Event: 66.738 Thread 0x000001d861466990 Uncommon trap: trap_request=0xffffffc6 fr.pc=0x000001d8737ff390 relative=0x00000000000013b0
Event: 66.738 Thread 0x000001d861466990 Uncommon trap: reason=bimorphic_or_optimized_type_check action=maybe_recompile pc=0x000001d8737ff390 method=java.util.concurrent.ConcurrentHashMap.putAll(Ljava/util/Map;)V @ 23 c2
Event: 66.738 Thread 0x000001d861466990 DEOPT PACKING pc=0x000001d8737ff390 sp=0x0000003fbb3fdb20
Event: 66.738 Thread 0x000001d861466990 DEOPT UNPACKING pc=0x000001d8730346a2 sp=0x0000003fbb3fdaf0 mode 2
Event: 66.829 Thread 0x000001d861466990 Uncommon trap: trap_request=0xffffff45 fr.pc=0x000001d8736189e8 relative=0x00000000000004e8
Event: 66.829 Thread 0x000001d861466990 Uncommon trap: reason=unstable_if action=reinterpret pc=0x000001d8736189e8 method=java.net.URI$Parser.scan(IILjava/lang/String;Ljava/lang/String;)I @ 26 c2
Event: 66.829 Thread 0x000001d861466990 DEOPT PACKING pc=0x000001d8736189e8 sp=0x0000003fbb3fd700
Event: 66.829 Thread 0x000001d861466990 DEOPT UNPACKING pc=0x000001d8730346a2 sp=0x0000003fbb3fd698 mode 2
Event: 66.977 Thread 0x000001d861466990 Uncommon trap: trap_request=0xffffff45 fr.pc=0x000001d8735c74e0 relative=0x0000000000000100
Event: 66.977 Thread 0x000001d861466990 Uncommon trap: reason=unstable_if action=reinterpret pc=0x000001d8735c74e0 method=java.io.WinNTFileSystem.normalize(Ljava/lang/String;)Ljava/lang/String; @ 74 c2
Event: 66.977 Thread 0x000001d861466990 DEOPT PACKING pc=0x000001d8735c74e0 sp=0x0000003fbb3fd570
Event: 66.977 Thread 0x000001d861466990 DEOPT UNPACKING pc=0x000001d8730346a2 sp=0x0000003fbb3fd4f8 mode 2

Classes loaded (20 events):
Event: 66.975 Loading class java/net/StandardProtocolFamily
Event: 66.975 Loading class java/net/StandardProtocolFamily done
Event: 66.975 Loading class java/net/StandardSocketOptions
Event: 66.975 Loading class java/net/StandardSocketOptions done
Event: 66.975 Loading class java/net/StandardSocketOptions$StdSocketOption
Event: 66.975 Loading class java/net/StandardSocketOptions$StdSocketOption done
Event: 66.976 Loading class sun/nio/ch/SocketOptionRegistry
Event: 66.976 Loading class sun/nio/ch/SocketOptionRegistry done
Event: 66.976 Loading class sun/nio/ch/SocketOptionRegistry$RegistryKey
Event: 66.976 Loading class sun/nio/ch/SocketOptionRegistry$RegistryKey done
Event: 66.976 Loading class sun/nio/ch/SocketOptionRegistry$LazyInitialization
Event: 66.976 Loading class sun/nio/ch/SocketOptionRegistry$LazyInitialization done
Event: 66.976 Loading class sun/nio/ch/OptionKey
Event: 66.976 Loading class sun/nio/ch/OptionKey done
Event: 66.976 Loading class sun/nio/ch/ExtendedSocketOption
Event: 66.977 Loading class sun/nio/ch/ExtendedSocketOption done
Event: 66.977 Loading class sun/nio/ch/ExtendedSocketOption$1
Event: 66.977 Loading class sun/nio/ch/ExtendedSocketOption$1 done
Event: 66.977 Loading class java/net/InetSocketAddress$InetSocketAddressHolder
Event: 66.977 Loading class java/net/InetSocketAddress$InetSocketAddressHolder done

Classes unloaded (20 events):
Event: 48.264 Thread 0x000001d87e33bea0 Unloading class 0x000001d806339000 'lombok/javac/apt/MessagerDiagnosticsReceiver'
Event: 48.264 Thread 0x000001d87e33bea0 Unloading class 0x000001d806336b18 'lombok/javac/apt/InterceptingJavaFileManager'
Event: 48.264 Thread 0x000001d87e33bea0 Unloading class 0x000001d806336910 'lombok/permit/dummy/Parent'
Event: 48.264 Thread 0x000001d87e33bea0 Unloading class 0x000001d8063366f8 'lombok/core/CleanupRegistry'
Event: 48.264 Thread 0x000001d87e33bea0 Unloading class 0x000001d8063364f0 'lombok/permit/Permit$Fake'
Event: 48.264 Thread 0x000001d87e33bea0 Unloading class 0x000001d8063362f0 'lombok/permit/Permit'
Event: 48.264 Thread 0x000001d87e33bea0 Unloading class 0x000001d806336000 'lombok/javac/apt/LombokProcessor$1'
Event: 48.264 Thread 0x000001d87e33bea0 Unloading class 0x000001d806335d88 'lombok/core/DiagnosticsReceiver'
Event: 48.264 Thread 0x000001d87e33bea0 Unloading class 0x000001d806335af0 'lombok/javac/apt/LombokProcessor'
Event: 48.264 Thread 0x000001d87e33bea0 Unloading class 0x000001d8063358c0 'lombok/core/AnnotationProcessor$EcjDescriptor'
Event: 48.264 Thread 0x000001d87e33bea0 Unloading class 0x000001d806335688 'lombok/core/AnnotationProcessor$JavacDescriptor'
Event: 48.264 Thread 0x000001d87e33bea0 Unloading class 0x000001d806335280 'lombok/core/AnnotationProcessor$ProcessorDescriptor'
Event: 48.264 Thread 0x000001d87e33bea0 Unloading class 0x000001d806335000 'lombok/core/AnnotationProcessor'
Event: 48.264 Thread 0x000001d87e33bea0 Unloading class 0x000001d80638f000 'lombok/launch/AnnotationProcessorHider$ClaimingProcessor'
Event: 48.264 Thread 0x000001d87e33bea0 Unloading class 0x000001d806334c98 'lombok/launch/AnnotationProcessorHider$AstModificationNotifierData'
Event: 48.264 Thread 0x000001d87e33bea0 Unloading class 0x000001d806334a18 'lombok/launch/ClassFileMetaData'
Event: 48.264 Thread 0x000001d87e33bea0 Unloading class 0x000001d806334800 'lombok/launch/PackageShader'
Event: 48.264 Thread 0x000001d87e33bea0 Unloading class 0x000001d80630c480 'lombok/launch/ShadowClassLoader'
Event: 48.264 Thread 0x000001d87e33bea0 Unloading class 0x000001d80630c280 'lombok/launch/Main'
Event: 48.264 Thread 0x000001d87e33bea0 Unloading class 0x000001d80630c000 'lombok/launch/AnnotationProcessorHider$AnnotationProcessor'

Classes redefined (0 events):
No events

Internal exceptions (20 events):
Event: 51.651 Thread 0x000001d861466990 Exception <a 'sun/nio/fs/WindowsException'{0x00000006cc8b5d78}> (0x00000006cc8b5d78) 
thrown [s\open\src\hotspot\share\prims\jni.cpp, line 520]
Event: 51.811 Thread 0x000001d861466990 Exception <a 'sun/nio/fs/WindowsException'{0x00000006cc9ea890}> (0x00000006cc9ea890) 
thrown [s\open\src\hotspot\share\prims\jni.cpp, line 520]
Event: 51.811 Thread 0x000001d861466990 Exception <a 'sun/nio/fs/WindowsException'{0x00000006cc9eaf78}> (0x00000006cc9eaf78) 
thrown [s\open\src\hotspot\share\prims\jni.cpp, line 520]
Event: 51.811 Thread 0x000001d861466990 Exception <a 'sun/nio/fs/WindowsException'{0x00000006cc9eb890}> (0x00000006cc9eb890) 
thrown [s\open\src\hotspot\share\prims\jni.cpp, line 520]
Event: 51.900 Thread 0x000001d861466990 Exception <a 'sun/nio/fs/WindowsException'{0x00000006cca03db8}> (0x00000006cca03db8) 
thrown [s\open\src\hotspot\share\prims\jni.cpp, line 520]
Event: 51.900 Thread 0x000001d861466990 Exception <a 'sun/nio/fs/WindowsException'{0x00000006cca04488}> (0x00000006cca04488) 
thrown [s\open\src\hotspot\share\prims\jni.cpp, line 520]
Event: 51.900 Thread 0x000001d861466990 Exception <a 'sun/nio/fs/WindowsException'{0x00000006cca04cf8}> (0x00000006cca04cf8) 
thrown [s\open\src\hotspot\share\prims\jni.cpp, line 520]
Event: 53.203 Thread 0x000001d84fd7a960 Exception <a 'java/lang/NoSuchMethodError'{0x00000006cb5079a0}: 'java.lang.Object java.lang.invoke.DirectMethodHandle$Holder.invokeStatic(java.lang.Object, long, java.lang.Object)'> (0x00000006cb5079a0) 
thrown [s\open\src\hotspot\share\interpreter\linkResolver.cpp, line 773]
Event: 53.204 Thread 0x000001d84fd7a960 Exception <a 'java/lang/NoSuchMethodError'{0x00000006cb50ad48}: 'java.lang.Object java.lang.invoke.DirectMethodHandle$Holder.invokeStaticInit(java.lang.Object, long, java.lang.Object)'> (0x00000006cb50ad48) 
thrown [s\open\src\hotspot\share\interpreter\linkResolver.cpp, line 773]
Event: 53.206 Thread 0x000001d84fd7a960 Exception <a 'java/lang/NoSuchMethodError'{0x00000006cb510140}: 'java.lang.Object java.lang.invoke.DirectMethodHandle$Holder.newInvokeSpecial(java.lang.Object, long)'> (0x00000006cb510140) 
thrown [s\open\src\hotspot\share\interpreter\linkResolver.cpp, line 773]
Event: 53.216 Thread 0x000001d84fd7a960 Exception <a 'java/lang/NoSuchMethodError'{0x00000006cb5148c8}: 'long java.lang.invoke.DirectMethodHandle$Holder.invokeInterface(java.lang.Object, java.lang.Object)'> (0x00000006cb5148c8) 
thrown [s\open\src\hotspot\share\interpreter\linkResolver.cpp, line 773]
Event: 53.216 Thread 0x000001d84fd7a960 Exception <a 'java/lang/NoSuchMethodError'{0x00000006cb517d80}: 'long java.lang.invoke.DelegatingMethodHandle$Holder.reinvoke_L(java.lang.Object, java.lang.Object)'> (0x00000006cb517d80) 
thrown [s\open\src\hotspot\share\interpreter\linkResolver.cpp, line 773]
Event: 54.906 Thread 0x000001d861466990 Exception <a 'java/lang/NoSuchMethodError'{0x00000007ff7b22e0}: 'void java.lang.invoke.DirectMethodHandle$Holder.invokeStaticInit(java.lang.Object, java.lang.Object)'> (0x00000007ff7b22e0) 
thrown [s\open\src\hotspot\share\interpreter\linkResolver.cpp, line 773]
Event: 55.052 Thread 0x000001d84fd7a960 Implicit null exception at 0x000001d873c967a7 to 0x000001d873c96ec0
Event: 55.096 Thread 0x000001d84fd7a960 Implicit null exception at 0x000001d873c74840 to 0x000001d873c74bd0
Event: 55.103 Thread 0x000001d84da31470 Implicit null exception at 0x000001d873c6f2a0 to 0x000001d873c6f440
Event: 61.190 Thread 0x000001d861466990 Implicit null exception at 0x000001d873d385a5 to 0x000001d873d393d4
Event: 61.197 Thread 0x000001d861466990 Implicit null exception at 0x000001d873d385a5 to 0x000001d873d393d4
Event: 61.247 Thread 0x000001d861466990 Implicit null exception at 0x000001d873d385a5 to 0x000001d873d393d4
Event: 61.313 Thread 0x000001d861466990 Implicit null exception at 0x000001d873d385a5 to 0x000001d873d393d4

ZGC Phase Switch (0 events):
No events

VM Operations (20 events):
Event: 60.187 Executing VM operation: RendezvousGCThreads
Event: 60.187 Executing VM operation: RendezvousGCThreads done
Event: 61.200 Executing VM operation: Cleanup
Event: 61.200 Executing VM operation: Cleanup done
Event: 62.208 Executing VM operation: Cleanup
Event: 62.208 Executing VM operation: Cleanup done
Event: 63.018 Executing VM operation: G1CollectForAllocation (G1 Evacuation Pause)
Event: 63.039 Executing VM operation: G1CollectForAllocation (G1 Evacuation Pause) done
Event: 64.042 Executing VM operation: Cleanup
Event: 64.042 Executing VM operation: Cleanup done
Event: 65.045 Executing VM operation: Cleanup
Event: 65.045 Executing VM operation: Cleanup done
Event: 66.057 Executing VM operation: Cleanup
Event: 66.057 Executing VM operation: Cleanup done
Event: 66.281 Executing VM operation: G1CollectForAllocation (G1 Evacuation Pause)
Event: 66.299 Executing VM operation: G1CollectForAllocation (G1 Evacuation Pause) done
Event: 66.963 Executing VM operation: HandshakeAllThreads (Deoptimize)
Event: 66.963 Executing VM operation: HandshakeAllThreads (Deoptimize) done
Event: 66.969 Executing VM operation: HandshakeAllThreads (Deoptimize)
Event: 66.969 Executing VM operation: HandshakeAllThreads (Deoptimize) done

Events (20 events):
Event: 53.135 Thread 0x000001d84ad29eb0 Thread added: 0x000001d84ad29eb0
Event: 53.218 Thread 0x000001d84fd7a960 Thread exited: 0x000001d84fd7a960
Event: 53.569 Thread 0x000001d84ad29eb0 Thread exited: 0x000001d84ad29eb0
Event: 54.233 Thread 0x000001d84ad29eb0 Thread added: 0x000001d84ad29eb0
Event: 55.000 Thread 0x000001d84fd7a960 Thread added: 0x000001d84fd7a960
Event: 55.000 Thread 0x000001d84da31470 Thread added: 0x000001d84da31470
Event: 55.001 Thread 0x000001d84b998120 Thread added: 0x000001d84b998120
Event: 55.001 Thread 0x000001d84b48e220 Thread added: 0x000001d84b48e220
Event: 55.374 Thread 0x000001d84b48e220 Thread exited: 0x000001d84b48e220
Event: 55.374 Thread 0x000001d84fd7a960 Thread exited: 0x000001d84fd7a960
Event: 55.374 Thread 0x000001d84da31470 Thread exited: 0x000001d84da31470
Event: 55.375 Thread 0x000001d84b998120 Thread exited: 0x000001d84b998120
Event: 56.398 Thread 0x000001d84ad29eb0 Thread exited: 0x000001d84ad29eb0
Event: 56.779 Thread 0x000001d84ad29eb0 Thread added: 0x000001d84ad29eb0
Event: 57.676 Thread 0x000001d84ad29eb0 Thread exited: 0x000001d84ad29eb0
Event: 57.932 Thread 0x000001d84ad29eb0 Thread added: 0x000001d84ad29eb0
Event: 59.300 Thread 0x000001d84ad29eb0 Thread exited: 0x000001d84ad29eb0
Event: 60.044 Thread 0x000001d84d3a0350 Thread added: 0x000001d84d3a0350
Event: 61.660 Thread 0x000001d84d3a0350 Thread exited: 0x000001d84d3a0350
Event: 66.545 Thread 0x000001d84ec38920 Thread added: 0x000001d84ec38920


Dynamic libraries:
0x00007ff78dad0000 - 0x00007ff78dae0000 	C:\Program Files\Java\jdk-21\bin\java.exe
0x00007ff8c6450000 - 0x00007ff8c6648000 	C:\windows\SYSTEM32\ntdll.dll
0x00007ff8c6340000 - 0x00007ff8c6402000 	C:\windows\System32\KERNEL32.DLL
0x00007ff8c4140000 - 0x00007ff8c443f000 	C:\windows\System32\KERNELBASE.dll
0x00007ff8c3e50000 - 0x00007ff8c3f50000 	C:\windows\System32\ucrtbase.dll
0x00007ff8bff60000 - 0x00007ff8bff7b000 	C:\Program Files\Java\jdk-21\bin\VCRUNTIME140.dll
0x00007ff8bff80000 - 0x00007ff8bff99000 	C:\Program Files\Java\jdk-21\bin\jli.dll
0x00007ff8c5880000 - 0x00007ff8c592f000 	C:\windows\System32\ADVAPI32.dll
0x00007ff8c5470000 - 0x00007ff8c550e000 	C:\windows\System32\msvcrt.dll
0x00007ff8c5a40000 - 0x00007ff8c5adf000 	C:\windows\System32\sechost.dll
0x00007ff8c6160000 - 0x00007ff8c6283000 	C:\windows\System32\RPCRT4.dll
0x00007ff8c4440000 - 0x00007ff8c4467000 	C:\windows\System32\bcrypt.dll
0x00007ff8c4930000 - 0x00007ff8c4acd000 	C:\windows\System32\USER32.dll
0x00007ff8c4110000 - 0x00007ff8c4132000 	C:\windows\System32\win32u.dll
0x00007ff8c47d0000 - 0x00007ff8c47fb000 	C:\windows\System32\GDI32.dll
0x00007ff8c3ff0000 - 0x00007ff8c410a000 	C:\windows\System32\gdi32full.dll
0x00007ff8c3f50000 - 0x00007ff8c3fed000 	C:\windows\System32\msvcp_win.dll
0x00007ff8b1bb0000 - 0x00007ff8b1e4a000 	C:\windows\WinSxS\amd64_microsoft.windows.common-controls_6595b64144ccf1df_6.0.19041.4355_none_60b8b9eb71f62e16\COMCTL32.dll
0x00007ff8b2250000 - 0x00007ff8b225a000 	C:\windows\SYSTEM32\VERSION.dll
0x00007ff8c5570000 - 0x00007ff8c559f000 	C:\windows\System32\IMM32.DLL
0x00007ff8c0d50000 - 0x00007ff8c0d5c000 	C:\Program Files\Java\jdk-21\bin\vcruntime140_1.dll
0x00007ff8b1140000 - 0x00007ff8b11ce000 	C:\Program Files\Java\jdk-21\bin\msvcp140.dll
0x00007ff889c90000 - 0x00007ff88a9a7000 	C:\Program Files\Java\jdk-21\bin\server\jvm.dll
0x00007ff8c5250000 - 0x00007ff8c52bb000 	C:\windows\System32\WS2_32.dll
0x00007ff8c3950000 - 0x00007ff8c399b000 	C:\windows\SYSTEM32\POWRPROF.dll
0x00007ff8af1e0000 - 0x00007ff8af207000 	C:\windows\SYSTEM32\WINMM.dll
0x00007ff8c3930000 - 0x00007ff8c3942000 	C:\windows\SYSTEM32\UMPDC.dll
0x00007ff8c22d0000 - 0x00007ff8c22e2000 	C:\windows\SYSTEM32\kernel.appcore.dll
0x00007ff8bff50000 - 0x00007ff8bff5a000 	C:\Program Files\Java\jdk-21\bin\jimage.dll
0x00007ff8c20c0000 - 0x00007ff8c22a4000 	C:\windows\SYSTEM32\DBGHELP.DLL
0x00007ff8ad450000 - 0x00007ff8ad484000 	C:\windows\SYSTEM32\dbgcore.DLL
0x00007ff8c3dc0000 - 0x00007ff8c3e42000 	C:\windows\System32\bcryptPrimitives.dll
0x00007ff8bbd90000 - 0x00007ff8bbdaf000 	C:\Program Files\Java\jdk-21\bin\java.dll
0x00007ff8c4ad0000 - 0x00007ff8c523d000 	C:\windows\System32\SHELL32.dll
0x00007ff8c1840000 - 0x00007ff8c1fe4000 	C:\windows\SYSTEM32\windows.storage.dll
0x00007ff8c4470000 - 0x00007ff8c47c5000 	C:\windows\System32\combase.dll
0x00007ff8c3430000 - 0x00007ff8c345f000 	C:\windows\SYSTEM32\Wldp.dll
0x00007ff8c5600000 - 0x00007ff8c56cd000 	C:\windows\System32\OLEAUT32.dll
0x00007ff8c5930000 - 0x00007ff8c59dd000 	C:\windows\System32\SHCORE.dll
0x00007ff8c59e0000 - 0x00007ff8c5a35000 	C:\windows\System32\shlwapi.dll
0x00007ff8c3a20000 - 0x00007ff8c3a44000 	C:\windows\SYSTEM32\profapi.dll
0x00007ff8ac1c0000 - 0x00007ff8ac297000 	C:\Program Files\Java\jdk-21\bin\jsvml.dll
0x00007ff8bff10000 - 0x00007ff8bff20000 	C:\Program Files\Java\jdk-21\bin\net.dll
0x00007ff8bcb30000 - 0x00007ff8bcc3a000 	C:\windows\SYSTEM32\WINHTTP.dll
0x00007ff8c3150000 - 0x00007ff8c31bc000 	C:\windows\system32\mswsock.dll
0x00007ff8bc2f0000 - 0x00007ff8bc306000 	C:\Program Files\Java\jdk-21\bin\nio.dll
0x00007ff8bc2d0000 - 0x00007ff8bc2e8000 	C:\Program Files\Java\jdk-21\bin\zip.dll
0x0000000069ac0000 - 0x0000000069ae4000 	C:\Users\LENOVO\.m2\wrapper\dists\apache-maven-3.9.6\834f1afe40575b70b4b2527f4b12df8e\lib\jansi-native\Windows\x86_64\jansi.dll
0x00007ff8bbf80000 - 0x00007ff8bbf90000 	C:\Program Files\Java\jdk-21\bin\verify.dll
0x00007ff8bbfb0000 - 0x00007ff8bbfb9000 	C:\Program Files\Java\jdk-21\bin\extnet.dll

dbghelp: loaded successfully - version: 4.0.5 - missing functions: none
symbol engine: initialized successfully - sym options: 0x614 - pdb path: .;C:\Program Files\Java\jdk-21\bin;C:\windows\SYSTEM32;C:\windows\WinSxS\amd64_microsoft.windows.common-controls_6595b64144ccf1df_6.0.19041.4355_none_60b8b9eb71f62e16;C:\Program Files\Java\jdk-21\bin\server;C:\Users\LENOVO\.m2\wrapper\dists\apache-maven-3.9.6\834f1afe40575b70b4b2527f4b12df8e\lib\jansi-native\Windows\x86_64

VM Arguments:
jvm_args: -Dclassworlds.conf=C:\Users\LENOVO\.m2\wrapper\dists\apache-maven-3.9.6\834f1afe40575b70b4b2527f4b12df8e\bin\m2.conf -Dmaven.home=C:\Users\LENOVO\.m2\wrapper\dists\apache-maven-3.9.6\834f1afe40575b70b4b2527f4b12df8e -Dlibrary.jansi.path=C:\Users\LENOVO\.m2\wrapper\dists\apache-maven-3.9.6\834f1afe40575b70b4b2527f4b12df8e\lib\jansi-native -Dmaven.multiModuleProjectDirectory=P:\skwidl 
java_command: org.codehaus.plexus.classworlds.launcher.Launcher clean install -DskipTests -pl commons,customers,orders,products -rf :orders
java_class_path (initial): C:\Users\LENOVO\.m2\wrapper\dists\apache-maven-3.9.6\834f1afe40575b70b4b2527f4b12df8e\boot\plexus-classworlds-2.7.0.jar
Launcher Type: SUN_STANDARD

[Global flags]
     intx CICompilerCount                          = 3                                         {product} {ergonomic}
     uint ConcGCThreads                            = 1                                         {product} {ergonomic}
     uint G1ConcRefinementThreads                  = 4                                         {product} {ergonomic}
   size_t G1HeapRegionSize                         = 4194304                                   {product} {ergonomic}
    uintx GCDrainStackTargetSize                   = 64                                        {product} {ergonomic}
   size_t InitialHeapSize                          = 335544320                                 {product} {ergonomic}
   size_t MarkStackSize                            = 4194304                                   {product} {ergonomic}
   size_t MaxHeapSize                              = 5347737600                                {product} {ergonomic}
   size_t MaxNewSize                               = 3208642560                                {product} {ergonomic}
   size_t MinHeapDeltaBytes                        = 4194304                                   {product} {ergonomic}
   size_t MinHeapSize                              = 8388608                                   {product} {ergonomic}
    uintx NonNMethodCodeHeapSize                   = 5832780                                {pd product} {ergonomic}
    uintx NonProfiledCodeHeapSize                  = 122912730                              {pd product} {ergonomic}
    uintx ProfiledCodeHeapSize                     = 122912730                              {pd product} {ergonomic}
    uintx ReservedCodeCacheSize                    = 251658240                              {pd product} {ergonomic}
     bool SegmentedCodeCache                       = true                                      {product} {ergonomic}
   size_t SoftMaxHeapSize                          = 5347737600                             {manageable} {ergonomic}
     bool UseCompressedOops                        = true                           {product lp64_product} {ergonomic}
     bool UseG1GC                                  = true                                      {product} {ergonomic}
     bool UseLargePagesIndividualAllocation        = false                                  {pd product} {ergonomic}

Logging:
Log output configuration:
 #0: stdout all=warning uptime,level,tags foldmultilines=false
 #1: stderr all=off uptime,level,tags foldmultilines=false

Environment Variables:
JAVA_HOME=C:\Program Files\Java\jdk-21
CLASSPATH=D:\tools\Lingo\Lingo20.jar
PATH=D:\tools\VMWare\bin\;C:\Python312\Scripts\;C:\Python312\;C:\Program Files\Python310\Scripts\;C:\Program Files\Python310\;C:\Program Files\Common Files\Oracle\Java\javapath;C:\Program Files (x86)\Intel\iCLS Client\;C:\Program Files\Intel\iCLS Client\;C:\windows\system32;C:\windows;C:\windows\System32\Wbem;C:\windows\System32\WindowsPowerShell\v1.0\;C:\Program Files (x86)\Intel\Intel(R) Management Engine Components\DAL;C:\Program Files\Intel\Intel(R) Management Engine Components\DAL;C:\Program Files (x86)\Intel\Intel(R) Management Engine Components\IPT;C:\Program Files\Intel\Intel(R) Management Engine Components\IPT;C:\windows\System32\OpenSSH\;D:\tools\Dependencies\ffmpeg-master-latest-win64-gpl\bin;D:\tools\apache-maven-3.9.1\bin\mvn;D:\tools\Lingo\;D:\tools\mongosh-1.10.6-win32-x64\bin;D:\tools\scala\sbt\bin;C:\ProgramData\chocolatey\bin;C:\Program Files\Git\cmd;D:\tools\Wireshark;C:\Users\Lenovo\.krew\bin;C:\Program Files (x86)\Windows Kits\10\Windows Performance Toolkit\;C:\Program Files\Java\jdk-21\bin\;D:\tools\Gpg4win\..\GnuPG\bin;D:\tools\nvm;D:\tools\Nodejs;D:\tools\AWS_CLI\;C:\Program Files\Docker\Docker\resources\bin;C:\Users\LENOVO\AppData\Local\Microsoft\WindowsApps;C:\Users\LENOVO\AppData\Local\Programs\Microsoft VS Code\bin;C:\Users\LENOVO\AppData\Local\GitHubDesktop\bin;C:\Users\LENOVO\AppData\Roaming\Python\Python310\Scripts;D:\tools\Dependencies\ffmpeg-master-latest-win64-gpl\bin;D:\tools\apache-maven-3.9.1\bin\mvn;D:\tools\mongosh-1.10.6-win32-x64\bin;C:\Users\LENOVO\AppData\Roaming\npm;D:\tools\IntelliJ IDEA\IntelliJ IDEA 2024.1\bin;D:\tools\JetBrains\DataGrip 2024.1.2\bin;C:\Program Files\Java\jdk-21\bin;C:\Users\Lenovo\.krew\bin;D:\tools\Wireshark;C:\Users\LENOVO\.jetbrains\helm;D:\tools\Intellij WebStorm\WebStorm 2024.2.3\bin;;D:\tools\nvm;D:\tools\Nodejs
USERNAME=LENOVO
OS=Windows_NT
PROCESSOR_IDENTIFIER=Intel64 Family 6 Model 142 Stepping 9, GenuineIntel
TMP=C:\Users\LENOVO\AppData\Local\Temp
TEMP=C:\Users\LENOVO\AppData\Local\Temp




Periodic native trim disabled

---------------  S Y S T E M  ---------------

OS:
 Windows 10 , 64 bit Build 19041 (10.0.19041.5438)
OS uptime: 0 days 8:28 hours
Hyper-V role detected

CPU: total 4 (initial active 4) (2 cores per cpu, 2 threads per core) family 6 model 142 stepping 9 microcode 0xea, cx8, cmov, fxsr, ht, mmx, 3dnowpref, sse, sse2, sse3, ssse3, sse4.1, sse4.2, popcnt, lzcnt, tsc, tscinvbit, avx, avx2, aes, erms, clmul, bmi1, bmi2, adx, fma, vzeroupper, clflush, clflushopt, hv, rdtscp, f16c
Processor Information for all 4 processors :
  Max Mhz: 2712, Current Mhz: 2511, Mhz Limit: 2495

Memory: 4k page, system-wide physical 20389M (1469M free)
TotalPageFile size 21401M (AvailPageFile size 27M)
current process WorkingSet (physical memory assigned to process): 444M, peak: 488M
current process commit charge ("private bytes"): 472M, peak: 515M

vm_info: Java HotSpot(TM) 64-Bit Server VM (21.0.2+13-LTS-58) for windows-amd64 JRE (21.0.2+13-LTS-58), built on 2024-01-05T18:32:24Z by "mach5one" with MS VC++ 17.1 (VS2022)

END.
