#
# There is insufficient memory for the Java Runtime Environment to continue.
# Native memory allocation (malloc) failed to allocate 334336 bytes for Chunk::new
# Possible reasons:
#   The system is out of physical RAM or swap space
#   The process is running with CompressedOops enabled, and the Java Heap may be blocking the growth of the native heap
# Possible solutions:
#   Reduce memory load on the system
#   Increase physical memory or swap space
#   Check if swap backing store is full
#   Decrease Java heap size (-Xmx/-Xms)
#   Decrease number of Java threads
#   Decrease Java thread stack sizes (-Xss)
#   Set larger code cache with -XX:ReservedCodeCacheSize=
#   JVM is running with Zero Based Compressed Oops mode in which the Java heap is
#     placed in the first 32GB address space. The Java Heap base address is the
#     maximum limit for the native heap growth. Please use -XX:HeapBaseMinAddress
#     to set the Java Heap base and to place the Java Heap above 32GB virtual address.
# This output file may be truncated or incomplete.
#
#  Out of Memory Error (arena.cpp:168), pid=7676, tid=9152
#
# JRE version: Java(TM) SE Runtime Environment (21.0.2+13) (build 21.0.2+13-LTS-58)
# Java VM: Java HotSpot(TM) 64-Bit Server VM (21.0.2+13-LTS-58, mixed mode, sharing, tiered, compressed oops, compressed class ptrs, g1 gc, windows-amd64)
# No core dump will be written. Minidumps are not enabled by default on client versions of Windows
#

---------------  S U M M A R Y ------------

Command Line: -Dclassworlds.conf=C:\Users\LENOVO\.m2\wrapper\dists\apache-maven-3.9.6\834f1afe40575b70b4b2527f4b12df8e\bin\m2.conf -Dmaven.home=C:\Users\LENOVO\.m2\wrapper\dists\apache-maven-3.9.6\834f1afe40575b70b4b2527f4b12df8e -Dlibrary.jansi.path=C:\Users\LENOVO\.m2\wrapper\dists\apache-maven-3.9.6\834f1afe40575b70b4b2527f4b12df8e\lib\jansi-native -Dmaven.multiModuleProjectDirectory=P:\skwidl org.codehaus.plexus.classworlds.launcher.Launcher clean package -DskipTests -pl commons,customers,orders,products -rf :customers

Host: Intel(R) Core(TM) i5-7200U CPU @ 2.50GHz, 4 cores, 19G,  Windows 10 , 64 bit Build 19041 (10.0.19041.5438)
Time: Tue Mar  4 16:42:03 2025 Hora estándar de Argentina elapsed time: 8.979354 seconds (0d 0h 0m 8s)

---------------  T H R E A D  ---------------

Current thread (0x0000026587c49aa0):  JavaThread "C2 CompilerThread0" daemon [_thread_in_native, id=9152, stack(0x000000d0f0700000,0x000000d0f0800000) (1024K)]


Current CompileTask:
C2:   8979 3280       4       org.codehaus.plexus.util.xml.pull.MXParser::nextImpl (1203 bytes)

Stack: [0x000000d0f0700000,0x000000d0f0800000]
Native frames: (J=compiled Java code, j=interpreted, Vv=VM code, C=native code)
V  [jvm.dll+0x6cade9]
V  [jvm.dll+0x8569c1]
V  [jvm.dll+0x858d2e]
V  [jvm.dll+0x859413]
V  [jvm.dll+0x280e56]
V  [jvm.dll+0xc3f3d]
V  [jvm.dll+0xc4473]
V  [jvm.dll+0x2f437f]
V  [jvm.dll+0x5f5056]
V  [jvm.dll+0x252d7f]
V  [jvm.dll+0x24b637]
V  [jvm.dll+0x2490a3]
V  [jvm.dll+0x1c9634]
V  [jvm.dll+0x258859]
V  [jvm.dll+0x256e3a]
V  [jvm.dll+0x3ef6c6]
V  [jvm.dll+0x7ff568]
V  [jvm.dll+0x6c953d]
C  [ucrtbase.dll+0x21bb2]
C  [KERNEL32.DLL+0x17374]
C  [ntdll.dll+0x4cc91]


---------------  P R O C E S S  ---------------

Threads class SMR info:
_java_thread_list=0x00000265cd8caf70, length=12, elements={
0x00000265e5d62060, 0x0000026587c3bd30, 0x0000026587c3cc00, 0x0000026587c3f8c0,
0x0000026587c405a0, 0x0000026587c41b00, 0x0000026587c46200, 0x0000026587c49aa0,
0x0000026587c4d640, 0x00000265cd0d2920, 0x00000265cd0da3d0, 0x00000265cd8d02c0
}

Java Threads: ( => current thread )
  0x00000265e5d62060 JavaThread "main"                              [_thread_in_vm, id=15132, stack(0x000000d0ef900000,0x000000d0efa00000) (1024K)]
  0x0000026587c3bd30 JavaThread "Reference Handler"          daemon [_thread_blocked, id=6792, stack(0x000000d0f0100000,0x000000d0f0200000) (1024K)]
  0x0000026587c3cc00 JavaThread "Finalizer"                  daemon [_thread_blocked, id=12920, stack(0x000000d0f0200000,0x000000d0f0300000) (1024K)]
  0x0000026587c3f8c0 JavaThread "Signal Dispatcher"          daemon [_thread_blocked, id=16332, stack(0x000000d0f0300000,0x000000d0f0400000) (1024K)]
  0x0000026587c405a0 JavaThread "Attach Listener"            daemon [_thread_blocked, id=16024, stack(0x000000d0f0400000,0x000000d0f0500000) (1024K)]
  0x0000026587c41b00 JavaThread "Service Thread"             daemon [_thread_blocked, id=14756, stack(0x000000d0f0500000,0x000000d0f0600000) (1024K)]
  0x0000026587c46200 JavaThread "Monitor Deflation Thread"   daemon [_thread_blocked, id=1552, stack(0x000000d0f0600000,0x000000d0f0700000) (1024K)]
=>0x0000026587c49aa0 JavaThread "C2 CompilerThread0"         daemon [_thread_in_native, id=9152, stack(0x000000d0f0700000,0x000000d0f0800000) (1024K)]
  0x0000026587c4d640 JavaThread "C1 CompilerThread0"         daemon [_thread_in_native, id=16912, stack(0x000000d0f0800000,0x000000d0f0900000) (1024K)]
  0x00000265cd0d2920 JavaThread "Notification Thread"        daemon [_thread_blocked, id=11500, stack(0x000000d0f0900000,0x000000d0f0a00000) (1024K)]
  0x00000265cd0da3d0 JavaThread "Common-Cleaner"             daemon [_thread_blocked, id=8216, stack(0x000000d0f0a00000,0x000000d0f0b00000) (1024K)]
  0x00000265cd8d02c0 JavaThread "C2 CompilerThread1"         daemon [_thread_in_native, id=11672, stack(0x000000d0f0e00000,0x000000d0f0f00000) (1024K)]
Total: 12

Other Threads:
  0x0000026587c1cd60 VMThread "VM Thread"                           [id=13556, stack(0x000000d0f0000000,0x000000d0f0100000) (1024K)]
  0x0000026587c041d0 WatcherThread "VM Periodic Task Thread"        [id=16756, stack(0x000000d0eff00000,0x000000d0f0000000) (1024K)]
  0x00000265e7f91930 WorkerThread "GC Thread#0"                     [id=15744, stack(0x000000d0efa00000,0x000000d0efb00000) (1024K)]
  0x00000265cdb68910 WorkerThread "GC Thread#1"                     [id=12692, stack(0x000000d0f0b00000,0x000000d0f0c00000) (1024K)]
  0x00000265cdb6a530 WorkerThread "GC Thread#2"                     [id=8832, stack(0x000000d0f0c00000,0x000000d0f0d00000) (1024K)]
  0x00000265cdb6a8d0 WorkerThread "GC Thread#3"                     [id=9776, stack(0x000000d0f0d00000,0x000000d0f0e00000) (1024K)]
  0x00000265e7f9c770 ConcurrentGCThread "G1 Main Marker"            [id=6848, stack(0x000000d0efb00000,0x000000d0efc00000) (1024K)]
  0x00000265e7f9d330 WorkerThread "G1 Conc#0"                       [id=7560, stack(0x000000d0efc00000,0x000000d0efd00000) (1024K)]
  0x0000026587ae14b0 ConcurrentGCThread "G1 Refine#0"               [id=13692, stack(0x000000d0efd00000,0x000000d0efe00000) (1024K)]
  0x0000026587ae1fe0 ConcurrentGCThread "G1 Service"                [id=16708, stack(0x000000d0efe00000,0x000000d0eff00000) (1024K)]
Total: 10

Threads with active compile tasks:
C2 CompilerThread0     9033 3280       4       org.codehaus.plexus.util.xml.pull.MXParser::nextImpl (1203 bytes)
C1 CompilerThread0     9033 3312   !   3       java.util.regex.Pattern::closure (276 bytes)
C2 CompilerThread1     9033 3304       4       java.util.HashMap::putMapEntries (170 bytes)
Total: 3

VM state: not at safepoint (normal execution)

VM Mutex/Monitor currently owned by a thread: None

Heap address: 0x00000006c1400000, size: 5100 MB, Compressed Oops mode: Zero based, Oop shift amount: 3

CDS archive(s) mapped at: [0x0000026588000000-0x0000026588c90000-0x0000026588c90000), size 13172736, SharedBaseAddress: 0x0000026588000000, ArchiveRelocationMode: 1.
Compressed class space mapped at: 0x0000026589000000-0x00000265c9000000, reserved size: 1073741824
Narrow klass base: 0x0000026588000000, Narrow klass shift: 0, Narrow klass range: 0x100000000

GC Precious Log:
 CardTable entry size: 512
 Card Set container configuration: InlinePtr #cards 4 size 8 Array Of Cards #cards 32 size 80 Howl #buckets 8 coarsen threshold 7372 Howl Bitmap #cards 1024 size 144 coarsen threshold 921 Card regions per heap region 1 cards per card region 8192
 CPUs: 4 total, 4 available
 Memory: 20389M
 Large Page Support: Disabled
 NUMA Support: Disabled
 Compressed Oops: Enabled (Zero based)
 Heap Region Size: 4M
 Heap Min Capacity: 8M
 Heap Initial Capacity: 320M
 Heap Max Capacity: 5100M
 Pre-touch: Disabled
 Parallel Workers: 4
 Concurrent Workers: 1
 Concurrent Refinement Workers: 4
 Periodic GC: Disabled

Heap:
 garbage-first heap   total 327680K, used 38870K [0x00000006c1400000, 0x0000000800000000)
  region size 4096K, 10 young (40960K), 1 survivors (4096K)
 Metaspace       used 15495K, committed 15744K, reserved 1114112K
  class space    used 1800K, committed 1920K, reserved 1048576K

Heap Regions: E=young(eden), S=young(survivor), O=old, HS=humongous(starts), HC=humongous(continues), CS=collection set, F=free, TAMS=top-at-mark-start, PB=parsable bottom
|   0|0x00000006c1400000, 0x00000006c1764678, 0x00000006c1800000| 84%| O|  |TAMS 0x00000006c1400000| PB 0x00000006c1400000| Untracked 
|   1|0x00000006c1800000, 0x00000006c1800000, 0x00000006c1c00000|  0%| F|  |TAMS 0x00000006c1800000| PB 0x00000006c1800000| Untracked 
|   2|0x00000006c1c00000, 0x00000006c1c00000, 0x00000006c2000000|  0%| F|  |TAMS 0x00000006c1c00000| PB 0x00000006c1c00000| Untracked 
|   3|0x00000006c2000000, 0x00000006c2000000, 0x00000006c2400000|  0%| F|  |TAMS 0x00000006c2000000| PB 0x00000006c2000000| Untracked 
|   4|0x00000006c2400000, 0x00000006c2400000, 0x00000006c2800000|  0%| F|  |TAMS 0x00000006c2400000| PB 0x00000006c2400000| Untracked 
|   5|0x00000006c2800000, 0x00000006c2800000, 0x00000006c2c00000|  0%| F|  |TAMS 0x00000006c2800000| PB 0x00000006c2800000| Untracked 
|   6|0x00000006c2c00000, 0x00000006c2c00000, 0x00000006c3000000|  0%| F|  |TAMS 0x00000006c2c00000| PB 0x00000006c2c00000| Untracked 
|   7|0x00000006c3000000, 0x00000006c3000000, 0x00000006c3400000|  0%| F|  |TAMS 0x00000006c3000000| PB 0x00000006c3000000| Untracked 
|   8|0x00000006c3400000, 0x00000006c3400000, 0x00000006c3800000|  0%| F|  |TAMS 0x00000006c3400000| PB 0x00000006c3400000| Untracked 
|   9|0x00000006c3800000, 0x00000006c3800000, 0x00000006c3c00000|  0%| F|  |TAMS 0x00000006c3800000| PB 0x00000006c3800000| Untracked 
|  10|0x00000006c3c00000, 0x00000006c3c00000, 0x00000006c4000000|  0%| F|  |TAMS 0x00000006c3c00000| PB 0x00000006c3c00000| Untracked 
|  11|0x00000006c4000000, 0x00000006c4000000, 0x00000006c4400000|  0%| F|  |TAMS 0x00000006c4000000| PB 0x00000006c4000000| Untracked 
|  12|0x00000006c4400000, 0x00000006c4400000, 0x00000006c4800000|  0%| F|  |TAMS 0x00000006c4400000| PB 0x00000006c4400000| Untracked 
|  13|0x00000006c4800000, 0x00000006c4800000, 0x00000006c4c00000|  0%| F|  |TAMS 0x00000006c4800000| PB 0x00000006c4800000| Untracked 
|  14|0x00000006c4c00000, 0x00000006c4c00000, 0x00000006c5000000|  0%| F|  |TAMS 0x00000006c4c00000| PB 0x00000006c4c00000| Untracked 
|  15|0x00000006c5000000, 0x00000006c5000000, 0x00000006c5400000|  0%| F|  |TAMS 0x00000006c5000000| PB 0x00000006c5000000| Untracked 
|  16|0x00000006c5400000, 0x00000006c5400000, 0x00000006c5800000|  0%| F|  |TAMS 0x00000006c5400000| PB 0x00000006c5400000| Untracked 
|  17|0x00000006c5800000, 0x00000006c5800000, 0x00000006c5c00000|  0%| F|  |TAMS 0x00000006c5800000| PB 0x00000006c5800000| Untracked 
|  18|0x00000006c5c00000, 0x00000006c5c00000, 0x00000006c6000000|  0%| F|  |TAMS 0x00000006c5c00000| PB 0x00000006c5c00000| Untracked 
|  19|0x00000006c6000000, 0x00000006c6000000, 0x00000006c6400000|  0%| F|  |TAMS 0x00000006c6000000| PB 0x00000006c6000000| Untracked 
|  20|0x00000006c6400000, 0x00000006c6400000, 0x00000006c6800000|  0%| F|  |TAMS 0x00000006c6400000| PB 0x00000006c6400000| Untracked 
|  21|0x00000006c6800000, 0x00000006c6800000, 0x00000006c6c00000|  0%| F|  |TAMS 0x00000006c6800000| PB 0x00000006c6800000| Untracked 
|  22|0x00000006c6c00000, 0x00000006c6c00000, 0x00000006c7000000|  0%| F|  |TAMS 0x00000006c6c00000| PB 0x00000006c6c00000| Untracked 
|  23|0x00000006c7000000, 0x00000006c7000000, 0x00000006c7400000|  0%| F|  |TAMS 0x00000006c7000000| PB 0x00000006c7000000| Untracked 
|  24|0x00000006c7400000, 0x00000006c7400000, 0x00000006c7800000|  0%| F|  |TAMS 0x00000006c7400000| PB 0x00000006c7400000| Untracked 
|  25|0x00000006c7800000, 0x00000006c7800000, 0x00000006c7c00000|  0%| F|  |TAMS 0x00000006c7800000| PB 0x00000006c7800000| Untracked 
|  26|0x00000006c7c00000, 0x00000006c7c00000, 0x00000006c8000000|  0%| F|  |TAMS 0x00000006c7c00000| PB 0x00000006c7c00000| Untracked 
|  27|0x00000006c8000000, 0x00000006c8000000, 0x00000006c8400000|  0%| F|  |TAMS 0x00000006c8000000| PB 0x00000006c8000000| Untracked 
|  28|0x00000006c8400000, 0x00000006c8400000, 0x00000006c8800000|  0%| F|  |TAMS 0x00000006c8400000| PB 0x00000006c8400000| Untracked 
|  29|0x00000006c8800000, 0x00000006c8800000, 0x00000006c8c00000|  0%| F|  |TAMS 0x00000006c8800000| PB 0x00000006c8800000| Untracked 
|  30|0x00000006c8c00000, 0x00000006c8c00000, 0x00000006c9000000|  0%| F|  |TAMS 0x00000006c8c00000| PB 0x00000006c8c00000| Untracked 
|  31|0x00000006c9000000, 0x00000006c9000000, 0x00000006c9400000|  0%| F|  |TAMS 0x00000006c9000000| PB 0x00000006c9000000| Untracked 
|  32|0x00000006c9400000, 0x00000006c9400000, 0x00000006c9800000|  0%| F|  |TAMS 0x00000006c9400000| PB 0x00000006c9400000| Untracked 
|  33|0x00000006c9800000, 0x00000006c9800000, 0x00000006c9c00000|  0%| F|  |TAMS 0x00000006c9800000| PB 0x00000006c9800000| Untracked 
|  34|0x00000006c9c00000, 0x00000006c9c00000, 0x00000006ca000000|  0%| F|  |TAMS 0x00000006c9c00000| PB 0x00000006c9c00000| Untracked 
|  35|0x00000006ca000000, 0x00000006ca000000, 0x00000006ca400000|  0%| F|  |TAMS 0x00000006ca000000| PB 0x00000006ca000000| Untracked 
|  36|0x00000006ca400000, 0x00000006ca400000, 0x00000006ca800000|  0%| F|  |TAMS 0x00000006ca400000| PB 0x00000006ca400000| Untracked 
|  37|0x00000006ca800000, 0x00000006ca800000, 0x00000006cac00000|  0%| F|  |TAMS 0x00000006ca800000| PB 0x00000006ca800000| Untracked 
|  38|0x00000006cac00000, 0x00000006cac00000, 0x00000006cb000000|  0%| F|  |TAMS 0x00000006cac00000| PB 0x00000006cac00000| Untracked 
|  39|0x00000006cb000000, 0x00000006cb000000, 0x00000006cb400000|  0%| F|  |TAMS 0x00000006cb000000| PB 0x00000006cb000000| Untracked 
|  40|0x00000006cb400000, 0x00000006cb400000, 0x00000006cb800000|  0%| F|  |TAMS 0x00000006cb400000| PB 0x00000006cb400000| Untracked 
|  41|0x00000006cb800000, 0x00000006cb800000, 0x00000006cbc00000|  0%| F|  |TAMS 0x00000006cb800000| PB 0x00000006cb800000| Untracked 
|  42|0x00000006cbc00000, 0x00000006cbc00000, 0x00000006cc000000|  0%| F|  |TAMS 0x00000006cbc00000| PB 0x00000006cbc00000| Untracked 
|  43|0x00000006cc000000, 0x00000006cc000000, 0x00000006cc400000|  0%| F|  |TAMS 0x00000006cc000000| PB 0x00000006cc000000| Untracked 
|  44|0x00000006cc400000, 0x00000006cc400000, 0x00000006cc800000|  0%| F|  |TAMS 0x00000006cc400000| PB 0x00000006cc400000| Untracked 
|  45|0x00000006cc800000, 0x00000006cc800000, 0x00000006ccc00000|  0%| F|  |TAMS 0x00000006cc800000| PB 0x00000006cc800000| Untracked 
|  46|0x00000006ccc00000, 0x00000006ccc00000, 0x00000006cd000000|  0%| F|  |TAMS 0x00000006ccc00000| PB 0x00000006ccc00000| Untracked 
|  47|0x00000006cd000000, 0x00000006cd000000, 0x00000006cd400000|  0%| F|  |TAMS 0x00000006cd000000| PB 0x00000006cd000000| Untracked 
|  48|0x00000006cd400000, 0x00000006cd400000, 0x00000006cd800000|  0%| F|  |TAMS 0x00000006cd400000| PB 0x00000006cd400000| Untracked 
|  49|0x00000006cd800000, 0x00000006cd800000, 0x00000006cdc00000|  0%| F|  |TAMS 0x00000006cd800000| PB 0x00000006cd800000| Untracked 
|  50|0x00000006cdc00000, 0x00000006cdc00000, 0x00000006ce000000|  0%| F|  |TAMS 0x00000006cdc00000| PB 0x00000006cdc00000| Untracked 
|  51|0x00000006ce000000, 0x00000006ce000000, 0x00000006ce400000|  0%| F|  |TAMS 0x00000006ce000000| PB 0x00000006ce000000| Untracked 
|  52|0x00000006ce400000, 0x00000006ce400000, 0x00000006ce800000|  0%| F|  |TAMS 0x00000006ce400000| PB 0x00000006ce400000| Untracked 
|  53|0x00000006ce800000, 0x00000006ce800000, 0x00000006cec00000|  0%| F|  |TAMS 0x00000006ce800000| PB 0x00000006ce800000| Untracked 
|  54|0x00000006cec00000, 0x00000006cec00000, 0x00000006cf000000|  0%| F|  |TAMS 0x00000006cec00000| PB 0x00000006cec00000| Untracked 
|  55|0x00000006cf000000, 0x00000006cf000000, 0x00000006cf400000|  0%| F|  |TAMS 0x00000006cf000000| PB 0x00000006cf000000| Untracked 
|  56|0x00000006cf400000, 0x00000006cf400000, 0x00000006cf800000|  0%| F|  |TAMS 0x00000006cf400000| PB 0x00000006cf400000| Untracked 
|  57|0x00000006cf800000, 0x00000006cf800000, 0x00000006cfc00000|  0%| F|  |TAMS 0x00000006cf800000| PB 0x00000006cf800000| Untracked 
|  58|0x00000006cfc00000, 0x00000006cfc00000, 0x00000006d0000000|  0%| F|  |TAMS 0x00000006cfc00000| PB 0x00000006cfc00000| Untracked 
|  59|0x00000006d0000000, 0x00000006d0000000, 0x00000006d0400000|  0%| F|  |TAMS 0x00000006d0000000| PB 0x00000006d0000000| Untracked 
|  60|0x00000006d0400000, 0x00000006d0400000, 0x00000006d0800000|  0%| F|  |TAMS 0x00000006d0400000| PB 0x00000006d0400000| Untracked 
|  61|0x00000006d0800000, 0x00000006d0800000, 0x00000006d0c00000|  0%| F|  |TAMS 0x00000006d0800000| PB 0x00000006d0800000| Untracked 
|  62|0x00000006d0c00000, 0x00000006d0c00000, 0x00000006d1000000|  0%| F|  |TAMS 0x00000006d0c00000| PB 0x00000006d0c00000| Untracked 
|  63|0x00000006d1000000, 0x00000006d1000000, 0x00000006d1400000|  0%| F|  |TAMS 0x00000006d1000000| PB 0x00000006d1000000| Untracked 
|  64|0x00000006d1400000, 0x00000006d1400000, 0x00000006d1800000|  0%| F|  |TAMS 0x00000006d1400000| PB 0x00000006d1400000| Untracked 
|  65|0x00000006d1800000, 0x00000006d1800000, 0x00000006d1c00000|  0%| F|  |TAMS 0x00000006d1800000| PB 0x00000006d1800000| Untracked 
|  66|0x00000006d1c00000, 0x00000006d1c00000, 0x00000006d2000000|  0%| F|  |TAMS 0x00000006d1c00000| PB 0x00000006d1c00000| Untracked 
|  67|0x00000006d2000000, 0x00000006d2000000, 0x00000006d2400000|  0%| F|  |TAMS 0x00000006d2000000| PB 0x00000006d2000000| Untracked 
|  68|0x00000006d2400000, 0x00000006d2400000, 0x00000006d2800000|  0%| F|  |TAMS 0x00000006d2400000| PB 0x00000006d2400000| Untracked 
|  69|0x00000006d2800000, 0x00000006d2800000, 0x00000006d2c00000|  0%| F|  |TAMS 0x00000006d2800000| PB 0x00000006d2800000| Untracked 
|  70|0x00000006d2c00000, 0x00000006d2e32590, 0x00000006d3000000| 54%| E|  |TAMS 0x00000006d2c00000| PB 0x00000006d2c00000| Complete 
|  71|0x00000006d3000000, 0x00000006d3291490, 0x00000006d3400000| 64%| S|CS|TAMS 0x00000006d3000000| PB 0x00000006d3000000| Complete 
|  72|0x00000006d3400000, 0x00000006d3800000, 0x00000006d3800000|100%| E|CS|TAMS 0x00000006d3400000| PB 0x00000006d3400000| Complete 
|  73|0x00000006d3800000, 0x00000006d3c00000, 0x00000006d3c00000|100%| E|CS|TAMS 0x00000006d3800000| PB 0x00000006d3800000| Complete 
|  74|0x00000006d3c00000, 0x00000006d4000000, 0x00000006d4000000|100%| E|CS|TAMS 0x00000006d3c00000| PB 0x00000006d3c00000| Complete 
|  75|0x00000006d4000000, 0x00000006d4400000, 0x00000006d4400000|100%| E|CS|TAMS 0x00000006d4000000| PB 0x00000006d4000000| Complete 
|  76|0x00000006d4400000, 0x00000006d4800000, 0x00000006d4800000|100%| E|CS|TAMS 0x00000006d4400000| PB 0x00000006d4400000| Complete 
|  77|0x00000006d4800000, 0x00000006d4c00000, 0x00000006d4c00000|100%| E|CS|TAMS 0x00000006d4800000| PB 0x00000006d4800000| Complete 
|  78|0x00000006d4c00000, 0x00000006d5000000, 0x00000006d5000000|100%| E|CS|TAMS 0x00000006d4c00000| PB 0x00000006d4c00000| Complete 
|  79|0x00000006d5000000, 0x00000006d5400000, 0x00000006d5400000|100%| E|CS|TAMS 0x00000006d5000000| PB 0x00000006d5000000| Complete 

Card table byte_map: [0x0000026580000000,0x0000026580a00000] _byte_map_base: 0x000002657c9f6000

Marking Bits: (CMBitMap*) 0x00000265e7f91f40
 Bits: [0x0000026580a00000, 0x00000265859b0000)

Polling page: 0x00000265e76f0000

Metaspace:

Usage:
  Non-class:     13.37 MB used.
      Class:      1.76 MB used.
       Both:     15.13 MB used.

Virtual space:
  Non-class space:       64.00 MB reserved,      13.50 MB ( 21%) committed,  1 nodes.
      Class space:        1.00 GB reserved,       1.88 MB ( <1%) committed,  1 nodes.
             Both:        1.06 GB reserved,      15.38 MB (  1%) committed. 

Chunk freelists:
   Non-Class:  2.11 MB
       Class:  13.98 MB
        Both:  16.09 MB

MaxMetaspaceSize: unlimited
CompressedClassSpaceSize: 1.00 GB
Initial GC threshold: 21.00 MB
Current GC threshold: 21.00 MB
CDS: on
 - commit_granule_bytes: 65536.
 - commit_granule_words: 8192.
 - virtual_space_node_default_size: 8388608.
 - enlarge_chunks_in_place: 1.
 - use_allocation_guard: 0.


Internal statistics:

num_allocs_failed_limit: 0.
num_arena_births: 152.
num_arena_deaths: 0.
num_vsnodes_births: 2.
num_vsnodes_deaths: 0.
num_space_committed: 246.
num_space_uncommitted: 0.
num_chunks_returned_to_freelist: 0.
num_chunks_taken_from_freelist: 656.
num_chunk_merges: 0.
num_chunk_splits: 465.
num_chunks_enlarged: 384.
num_inconsistent_stats: 0.

CodeHeap 'non-profiled nmethods': size=120000Kb used=1355Kb max_used=1355Kb free=118644Kb
 bounds [0x00000265f7e60000, 0x00000265f80d0000, 0x00000265ff390000]
CodeHeap 'profiled nmethods': size=120000Kb used=6763Kb max_used=6763Kb free=113236Kb
 bounds [0x00000265f0390000, 0x00000265f0a30000, 0x00000265f78c0000]
CodeHeap 'non-nmethods': size=5760Kb used=1397Kb max_used=1440Kb free=4362Kb
 bounds [0x00000265f78c0000, 0x00000265f7b30000, 0x00000265f7e60000]
 total_blobs=3800 nmethods=3308 adapters=396
 compilation: enabled
              stopped_count=0, restarted_count=0
 full_count=0

Compilation events (20 events):
Event: 8.948 Thread 0x0000026587c4d640 3291   !   3       org.apache.maven.model.interpolation.StringVisitorModelInterpolator$1::interpolate (97 bytes)
Event: 8.949 Thread 0x0000026587c4d640 nmethod 3291 0x00000265f0a15790 code [0x00000265f0a15a00, 0x00000265f0a16310]
Event: 8.949 Thread 0x0000026587c4d640 3288       1       org.apache.maven.model.Contributor::getUrl (5 bytes)
Event: 8.949 Thread 0x0000026587c4d640 nmethod 3288 0x00000265f7faf890 code [0x00000265f7fafa20, 0x00000265f7fafaf0]
Event: 8.949 Thread 0x0000026587c4d640 3289       1       org.apache.maven.model.Contributor::getOrganization (5 bytes)
Event: 8.949 Thread 0x0000026587c4d640 nmethod 3289 0x00000265f7fafb90 code [0x00000265f7fafd20, 0x00000265f7fafdf0]
Event: 8.949 Thread 0x0000026587c4d640 3290       1       org.apache.maven.model.Contributor::getOrganizationUrl (5 bytes)
Event: 8.951 Thread 0x0000026587c4d640 nmethod 3290 0x00000265f7fafe90 code [0x00000265f7fb0020, 0x00000265f7fb00f0]
Event: 8.953 Thread 0x00000265cd8d02c0 nmethod 3285 0x00000265f7fb0190 code [0x00000265f7fb0380, 0x00000265f7fb07f8]
Event: 8.954 Thread 0x0000026587c4d640 3292       3       org.slf4j.impl.SimpleLogger::isLevelEnabled (14 bytes)
Event: 8.954 Thread 0x0000026587c4d640 nmethod 3292 0x00000265f0a16690 code [0x00000265f0a16820, 0x00000265f0a16988]
Event: 8.955 Thread 0x0000026587c4d640 3293       3       java.io.BufferedReader::readLine (7 bytes)
Event: 8.955 Thread 0x0000026587c4d640 nmethod 3293 0x00000265f0a16a10 code [0x00000265f0a16bc0, 0x00000265f0a16d28]
Event: 8.956 Thread 0x0000026587c4d640 3294   !   3       java.io.BufferedReader::readLine (72 bytes)
Event: 8.957 Thread 0x0000026587c4d640 nmethod 3294 0x00000265f0a16e10 code [0x00000265f0a170a0, 0x00000265f0a17f28]
Event: 8.957 Thread 0x0000026587c4d640 3295       3       java.nio.ByteBuffer::flip (7 bytes)
Event: 8.957 Thread 0x0000026587c4d640 nmethod 3295 0x00000265f0a18410 code [0x00000265f0a185c0, 0x00000265f0a18740]
Event: 8.961 Thread 0x0000026587c4d640 3296       3       java.io.BufferedInputStream::implRead (49 bytes)
Event: 8.961 Thread 0x00000265cd8d02c0 3297       4       java.util.regex.Pattern$BmpCharPropertyGreedy::match (89 bytes)
Event: 8.962 Thread 0x0000026587c4d640 nmethod 3296 0x00000265f0a18810 code [0x00000265f0a189e0, 0x00000265f0a18cb0]

GC Heap History (6 events):
Event: 1.896 GC heap before
{Heap before GC invocations=0 (full 0):
 garbage-first heap   total 327680K, used 16384K [0x00000006c1400000, 0x0000000800000000)
  region size 4096K, 4 young (16384K), 0 survivors (0K)
 Metaspace       used 4835K, committed 4928K, reserved 1114112K
  class space    used 539K, committed 576K, reserved 1048576K
}
Event: 1.906 GC heap after
{Heap after GC invocations=1 (full 0):
 garbage-first heap   total 327680K, used 3534K [0x00000006c1400000, 0x0000000800000000)
  region size 4096K, 1 young (4096K), 1 survivors (4096K)
 Metaspace       used 4835K, committed 4928K, reserved 1114112K
  class space    used 539K, committed 576K, reserved 1048576K
}
Event: 2.831 GC heap before
{Heap before GC invocations=1 (full 0):
 garbage-first heap   total 327680K, used 15822K [0x00000006c1400000, 0x0000000800000000)
  region size 4096K, 4 young (16384K), 1 survivors (4096K)
 Metaspace       used 6249K, committed 6464K, reserved 1114112K
  class space    used 717K, committed 832K, reserved 1048576K
}
Event: 2.840 GC heap after
{Heap after GC invocations=2 (full 0):
 garbage-first heap   total 327680K, used 4216K [0x00000006c1400000, 0x0000000800000000)
  region size 4096K, 1 young (4096K), 1 survivors (4096K)
 Metaspace       used 6249K, committed 6464K, reserved 1114112K
  class space    used 717K, committed 832K, reserved 1048576K
}
Event: 4.611 GC heap before
{Heap before GC invocations=2 (full 0):
 garbage-first heap   total 327680K, used 28792K [0x00000006c1400000, 0x0000000800000000)
  region size 4096K, 8 young (32768K), 1 survivors (4096K)
 Metaspace       used 11203K, committed 11392K, reserved 1114112K
  class space    used 1322K, committed 1408K, reserved 1048576K
}
Event: 4.620 GC heap after
{Heap after GC invocations=3 (full 0):
 garbage-first heap   total 327680K, used 6102K [0x00000006c1400000, 0x0000000800000000)
  region size 4096K, 1 young (4096K), 1 survivors (4096K)
 Metaspace       used 11203K, committed 11392K, reserved 1114112K
  class space    used 1322K, committed 1408K, reserved 1048576K
}

Dll operation events (8 events):
Event: 0.016 Loaded shared library C:\Program Files\Java\jdk-21\bin\java.dll
Event: 0.081 Loaded shared library C:\Program Files\Java\jdk-21\bin\jsvml.dll
Event: 0.146 Loaded shared library C:\Program Files\Java\jdk-21\bin\net.dll
Event: 0.150 Loaded shared library C:\Program Files\Java\jdk-21\bin\nio.dll
Event: 0.160 Loaded shared library C:\Program Files\Java\jdk-21\bin\zip.dll
Event: 0.538 Loaded shared library C:\Program Files\Java\jdk-21\bin\jimage.dll
Event: 0.578 Loaded shared library C:\Users\LENOVO\.m2\wrapper\dists\apache-maven-3.9.6\834f1afe40575b70b4b2527f4b12df8e\lib\jansi-native\Windows\x86_64\jansi.dll
Event: 0.623 Loaded shared library C:\Program Files\Java\jdk-21\bin\verify.dll

Deoptimization events (20 events):
Event: 8.834 Thread 0x00000265e5d62060 Uncommon trap: trap_request=0xffffff45 fr.pc=0x00000265f7ecb8fc relative=0x00000000000002dc
Event: 8.834 Thread 0x00000265e5d62060 Uncommon trap: reason=unstable_if action=reinterpret pc=0x00000265f7ecb8fc method=java.lang.String.decodeASCII([BI[CII)I @ 13 c2
Event: 8.834 Thread 0x00000265e5d62060 DEOPT PACKING pc=0x00000265f7ecb8fc sp=0x000000d0ef9fdea0
Event: 8.834 Thread 0x00000265e5d62060 DEOPT UNPACKING pc=0x00000265f79146a2 sp=0x000000d0ef9fddd0 mode 2
Event: 8.897 Thread 0x00000265e5d62060 Uncommon trap: trap_request=0xffffff45 fr.pc=0x00000265f7f67a54 relative=0x0000000000000e54
Event: 8.897 Thread 0x00000265e5d62060 Uncommon trap: reason=unstable_if action=reinterpret pc=0x00000265f7f67a54 method=org.codehaus.plexus.util.xml.pull.MXParser.nextImpl()I @ 880 c2
Event: 8.897 Thread 0x00000265e5d62060 DEOPT PACKING pc=0x00000265f7f67a54 sp=0x000000d0ef9fe0e0
Event: 8.897 Thread 0x00000265e5d62060 DEOPT UNPACKING pc=0x00000265f79146a2 sp=0x000000d0ef9fe088 mode 2
Event: 8.929 Thread 0x00000265e5d62060 Uncommon trap: trap_request=0xffffff45 fr.pc=0x00000265f7fa4f90 relative=0x00000000000000f0
Event: 8.929 Thread 0x00000265e5d62060 Uncommon trap: reason=unstable_if action=reinterpret pc=0x00000265f7fa4f90 method=org.apache.maven.model.validation.DefaultModelValidator.isValidIdCharacter(C)Z @ 15 c2
Event: 8.929 Thread 0x00000265e5d62060 DEOPT PACKING pc=0x00000265f7fa4f90 sp=0x000000d0ef9fe2c0
Event: 8.929 Thread 0x00000265e5d62060 DEOPT UNPACKING pc=0x00000265f79146a2 sp=0x000000d0ef9fe248 mode 2
Event: 8.936 Thread 0x00000265e5d62060 Uncommon trap: trap_request=0xffffff45 fr.pc=0x00000265f7ecbecc relative=0x00000000000002ac
Event: 8.936 Thread 0x00000265e5d62060 Uncommon trap: reason=unstable_if action=reinterpret pc=0x00000265f7ecbecc method=java.lang.String.decodeASCII([BI[CII)I @ 13 c2
Event: 8.936 Thread 0x00000265e5d62060 DEOPT PACKING pc=0x00000265f7ecbecc sp=0x000000d0ef9fdcb0
Event: 8.936 Thread 0x00000265e5d62060 DEOPT UNPACKING pc=0x00000265f79146a2 sp=0x000000d0ef9fdc60 mode 2
Event: 8.948 Thread 0x00000265e5d62060 Uncommon trap: trap_request=0xffffff45 fr.pc=0x00000265f7f76ac4 relative=0x0000000000000604
Event: 8.948 Thread 0x00000265e5d62060 Uncommon trap: reason=unstable_if action=reinterpret pc=0x00000265f7f76ac4 method=java.lang.String.indexOf(Ljava/lang/String;)I @ 10 c2
Event: 8.948 Thread 0x00000265e5d62060 DEOPT PACKING pc=0x00000265f7f76ac4 sp=0x000000d0ef9fe500
Event: 8.948 Thread 0x00000265e5d62060 DEOPT UNPACKING pc=0x00000265f79146a2 sp=0x000000d0ef9fe3d0 mode 2

Classes loaded (20 events):
Event: 7.851 Loading class sun/nio/ch/Interruptible done
Event: 7.851 Loading class java/nio/channels/spi/AbstractInterruptibleChannel$1 done
Event: 7.852 Loading class java/util/AbstractMap$2
Event: 7.852 Loading class java/util/AbstractMap$2 done
Event: 7.853 Loading class java/util/AbstractMap$2$1
Event: 7.853 Loading class java/util/AbstractMap$2$1 done
Event: 7.961 Loading class sun/util/resources/LocaleData$CommonResourceBundleProvider
Event: 7.961 Loading class sun/util/resources/LocaleData$LocaleDataResourceBundleProvider
Event: 7.962 Loading class java/util/spi/ResourceBundleProvider
Event: 7.962 Loading class java/util/spi/ResourceBundleProvider done
Event: 7.962 Loading class sun/util/resources/LocaleData$LocaleDataResourceBundleProvider done
Event: 7.962 Loading class sun/util/resources/LocaleData$CommonResourceBundleProvider done
Event: 7.962 Loading class sun/util/resources/Bundles$2
Event: 7.962 Loading class sun/util/resources/Bundles$2 done
Event: 8.064 Loading class java/math/BigDecimal
Event: 8.072 Loading class java/math/BigDecimal done
Event: 8.072 Loading class java/lang/Short$ShortCache
Event: 8.072 Loading class java/lang/Short$ShortCache done
Event: 8.072 Loading class java/lang/Byte$ByteCache
Event: 8.072 Loading class java/lang/Byte$ByteCache done

Classes unloaded (0 events):
No events

Classes redefined (0 events):
No events

Internal exceptions (20 events):
Event: 2.119 Thread 0x00000265e5d62060 Exception <a 'java/lang/NoSuchMethodError'{0x00000006d521c8e0}: 'int java.lang.invoke.DirectMethodHandle$Holder.invokeStaticInit(java.lang.Object, java.lang.Object)'> (0x00000006d521c8e0) 
thrown [s\open\src\hotspot\share\interpreter\linkResolver.cpp, line 773]
Event: 2.151 Thread 0x00000265e5d62060 Exception <a 'java/lang/NoClassDefFoundError'{0x00000006d5251cb0}: javax/enterprise/inject/Typed> (0x00000006d5251cb0) 
thrown [s\open\src\hotspot\share\classfile\systemDictionary.cpp, line 301]
Event: 4.410 Thread 0x00000265e5d62060 Exception <a 'java/lang/NoSuchMethodError'{0x00000006d3636f20}: 'void java.lang.invoke.DirectMethodHandle$Holder.invokeStaticInit(java.lang.Object, java.lang.Object, java.lang.Object)'> (0x00000006d3636f20) 
thrown [s\open\src\hotspot\share\interpreter\linkResolver.cpp, line 773]
Event: 4.425 Thread 0x00000265e5d62060 Exception <a 'java/lang/ExceptionInInitializerError'{0x00000006d365f918}> (0x00000006d365f918) 
thrown [s\open\src\hotspot\share\oops\instanceKlass.cpp, line 1180]
Event: 4.500 Thread 0x00000265e5d62060 Exception <a 'java/lang/NoSuchMethodError'{0x00000006d376c830}: 'long java.lang.invoke.DirectMethodHandle$Holder.invokeStatic(java.lang.Object, java.lang.Object, int)'> (0x00000006d376c830) 
thrown [s\open\src\hotspot\share\interpreter\linkResolver.cpp, line 773]
Event: 4.503 Thread 0x00000265e5d62060 Exception <a 'java/lang/NoSuchMethodError'{0x00000006d377f8c8}: 'java.lang.Object java.lang.invoke.DirectMethodHandle$Holder.invokeStatic(java.lang.Object, java.lang.Object, java.lang.Object, java.lang.Object, int)'> (0x00000006d377f8c8) 
thrown [s\open\src\hotspot\share\interpreter\linkResolver.cpp, line 773]
Event: 4.504 Thread 0x00000265e5d62060 Exception <a 'java/lang/NoSuchMethodError'{0x00000006d37877e0}: 'java.lang.Object java.lang.invoke.DirectMethodHandle$Holder.invokeSpecial(java.lang.Object, java.lang.Object, java.lang.Object, java.lang.Object, long)'> (0x00000006d37877e0) 
thrown [s\open\src\hotspot\share\interpreter\linkResolver.cpp, line 773]
Event: 4.507 Thread 0x00000265e5d62060 Exception <a 'java/lang/NoSuchMethodError'{0x00000006d3793888}: 'java.lang.Object java.lang.invoke.DirectMethodHandle$Holder.invokeSpecial(java.lang.Object, java.lang.Object, java.lang.Object, int, java.lang.Object)'> (0x00000006d3793888) 
thrown [s\open\src\hotspot\share\interpreter\linkResolver.cpp, line 773]
Event: 4.509 Thread 0x00000265e5d62060 Exception <a 'java/lang/NoSuchMethodError'{0x00000006d379b9a8}: 'int java.lang.invoke.DirectMethodHandle$Holder.invokeSpecial(java.lang.Object, java.lang.Object, java.lang.Object, int)'> (0x00000006d379b9a8) 
thrown [s\open\src\hotspot\share\interpreter\linkResolver.cpp, line 773]
Event: 4.519 Thread 0x00000265e5d62060 Implicit null exception at 0x00000265f7f01160 to 0x00000265f7f01344
Event: 4.528 Thread 0x00000265e5d62060 Exception <a 'java/lang/NoSuchMethodError'{0x00000006d37bfd78}: 'java.lang.Object java.lang.invoke.Invokers$Holder.invokeExact_MT(java.lang.Object, int, java.lang.Object)'> (0x00000006d37bfd78) 
thrown [s\open\src\hotspot\share\interpreter\linkResolver.cpp, line 773]
Event: 4.656 Thread 0x00000265e5d62060 Exception <a 'java/lang/NoSuchMethodError'{0x00000006d50677d0}: 'void java.lang.invoke.DirectMethodHandle$Holder.invokeStatic(java.lang.Object, java.lang.Object)'> (0x00000006d50677d0) 
thrown [s\open\src\hotspot\share\interpreter\linkResolver.cpp, line 773]
Event: 5.732 Thread 0x00000265e5d62060 Exception <a 'java/lang/NoSuchMethodError'{0x00000006d4ffc7c8}: 'void java.lang.invoke.Invokers$Holder.invokeExact_MT(java.lang.Object, java.lang.Object, java.lang.Object, java.lang.Object)'> (0x00000006d4ffc7c8) 
thrown [s\open\src\hotspot\share\interpreter\linkResolver.cpp, line 773]
Event: 5.896 Thread 0x00000265e5d62060 Exception <a 'java/lang/NoClassDefFoundError'{0x00000006d4888418}: com/google/inject/servlet/ServletModuleTargetVisitor> (0x00000006d4888418) 
thrown [s\open\src\hotspot\share\classfile\systemDictionary.cpp, line 301]
Event: 6.133 Thread 0x00000265e5d62060 Exception <a 'java/lang/NoSuchMethodError'{0x00000006d4a47e70}: 'void java.lang.invoke.DirectMethodHandle$Holder.invokeVirtual(java.lang.Object, java.lang.Object)'> (0x00000006d4a47e70) 
thrown [s\open\src\hotspot\share\interpreter\linkResolver.cpp, line 773]
Event: 6.371 Thread 0x00000265e5d62060 Exception <a 'java/lang/NoSuchMethodError'{0x00000006d4ac6578}: 'java.lang.Object java.lang.invoke.DirectMethodHandle$Holder.invokeStaticInit(java.lang.Object, int, int, int, int)'> (0x00000006d4ac6578) 
thrown [s\open\src\hotspot\share\interpreter\linkResolver.cpp, line 773]
Event: 7.772 Thread 0x00000265e5d62060 Implicit null exception at 0x00000265f7efc8a4 to 0x00000265f7efcf38
Event: 7.772 Thread 0x00000265e5d62060 Implicit null exception at 0x00000265f7e9eca0 to 0x00000265f7e9f33c
Event: 8.174 Thread 0x00000265e5d62060 Exception <a 'java/lang/NoSuchMethodError'{0x00000006d4353870}: 'void java.lang.invoke.DirectMethodHandle$Holder.invokeVirtual(java.lang.Object, java.lang.Object, int)'> (0x00000006d4353870) 
thrown [s\open\src\hotspot\share\interpreter\linkResolver.cpp, line 773]
Event: 8.176 Thread 0x00000265e5d62060 Exception <a 'java/lang/NoSuchMethodError'{0x00000006d435a938}: 'void java.lang.invoke.DelegatingMethodHandle$Holder.reinvoke_L(java.lang.Object, java.lang.Object, int)'> (0x00000006d435a938) 
thrown [s\open\src\hotspot\share\interpreter\linkResolver.cpp, line 773]

ZGC Phase Switch (0 events):
No events

VM Operations (20 events):
Event: 4.904 Executing VM operation: HandshakeAllThreads (Deoptimize)
Event: 4.904 Executing VM operation: HandshakeAllThreads (Deoptimize) done
Event: 5.696 Executing VM operation: HandshakeAllThreads (Deoptimize)
Event: 5.696 Executing VM operation: HandshakeAllThreads (Deoptimize) done
Event: 5.696 Executing VM operation: Cleanup
Event: 5.696 Executing VM operation: Cleanup done
Event: 6.161 Executing VM operation: HandshakeAllThreads (Deoptimize)
Event: 6.161 Executing VM operation: HandshakeAllThreads (Deoptimize) done
Event: 7.030 Executing VM operation: HandshakeAllThreads (Deoptimize)
Event: 7.030 Executing VM operation: HandshakeAllThreads (Deoptimize) done
Event: 7.030 Executing VM operation: Cleanup
Event: 7.030 Executing VM operation: Cleanup done
Event: 7.411 Executing VM operation: HandshakeAllThreads (Deoptimize)
Event: 7.411 Executing VM operation: HandshakeAllThreads (Deoptimize) done
Event: 7.647 Executing VM operation: HandshakeAllThreads (Deoptimize)
Event: 7.647 Executing VM operation: HandshakeAllThreads (Deoptimize) done
Event: 7.649 Executing VM operation: HandshakeAllThreads (Deoptimize)
Event: 7.649 Executing VM operation: HandshakeAllThreads (Deoptimize) done
Event: 8.293 Executing VM operation: ICBufferFull
Event: 8.294 Executing VM operation: ICBufferFull done

Events (14 events):
Event: 0.047 Thread 0x00000265e5d62060 Thread added: 0x00000265e5d62060
Event: 0.076 Thread 0x0000026587c3bd30 Thread added: 0x0000026587c3bd30
Event: 0.077 Thread 0x0000026587c3cc00 Thread added: 0x0000026587c3cc00
Event: 0.077 Thread 0x0000026587c3f8c0 Thread added: 0x0000026587c3f8c0
Event: 0.078 Thread 0x0000026587c405a0 Thread added: 0x0000026587c405a0
Event: 0.078 Thread 0x0000026587c41b00 Thread added: 0x0000026587c41b00
Event: 0.078 Thread 0x0000026587c46200 Thread added: 0x0000026587c46200
Event: 0.079 Thread 0x0000026587c49aa0 Thread added: 0x0000026587c49aa0
Event: 0.079 Thread 0x0000026587c4d640 Thread added: 0x0000026587c4d640
Event: 0.134 Thread 0x00000265cd0d2920 Thread added: 0x00000265cd0d2920
Event: 0.139 Thread 0x00000265cd0da3d0 Thread added: 0x00000265cd0da3d0
Event: 2.277 Thread 0x00000265cdc3ee20 Thread added: 0x00000265cdc3ee20
Event: 2.752 Thread 0x00000265cdc3ee20 Thread exited: 0x00000265cdc3ee20
Event: 7.962 Thread 0x00000265cd8d02c0 Thread added: 0x00000265cd8d02c0


Dynamic libraries:
0x00007ff78dad0000 - 0x00007ff78dae0000 	C:\Program Files\Java\jdk-21\bin\java.exe
0x00007ff8c6450000 - 0x00007ff8c6648000 	C:\windows\SYSTEM32\ntdll.dll
0x00007ff8c6340000 - 0x00007ff8c6402000 	C:\windows\System32\KERNEL32.DLL
0x00007ff8c4140000 - 0x00007ff8c443f000 	C:\windows\System32\KERNELBASE.dll
0x00007ff8c3e50000 - 0x00007ff8c3f50000 	C:\windows\System32\ucrtbase.dll
0x00007ff8bff80000 - 0x00007ff8bff99000 	C:\Program Files\Java\jdk-21\bin\jli.dll
0x00007ff8c5880000 - 0x00007ff8c592f000 	C:\windows\System32\ADVAPI32.dll
0x00007ff8c5470000 - 0x00007ff8c550e000 	C:\windows\System32\msvcrt.dll
0x00007ff8c5a40000 - 0x00007ff8c5adf000 	C:\windows\System32\sechost.dll
0x00007ff8c6160000 - 0x00007ff8c6283000 	C:\windows\System32\RPCRT4.dll
0x00007ff8c4440000 - 0x00007ff8c4467000 	C:\windows\System32\bcrypt.dll
0x00007ff8c4930000 - 0x00007ff8c4acd000 	C:\windows\System32\USER32.dll
0x00007ff8c4110000 - 0x00007ff8c4132000 	C:\windows\System32\win32u.dll
0x00007ff8c47d0000 - 0x00007ff8c47fb000 	C:\windows\System32\GDI32.dll
0x00007ff8c3ff0000 - 0x00007ff8c410a000 	C:\windows\System32\gdi32full.dll
0x00007ff8c3f50000 - 0x00007ff8c3fed000 	C:\windows\System32\msvcp_win.dll
0x00007ff8bff60000 - 0x00007ff8bff7b000 	C:\Program Files\Java\jdk-21\bin\VCRUNTIME140.dll
0x00007ff8b1bb0000 - 0x00007ff8b1e4a000 	C:\windows\WinSxS\amd64_microsoft.windows.common-controls_6595b64144ccf1df_6.0.19041.4355_none_60b8b9eb71f62e16\COMCTL32.dll
0x00007ff8b2250000 - 0x00007ff8b225a000 	C:\windows\SYSTEM32\VERSION.dll
0x00007ff8c5570000 - 0x00007ff8c559f000 	C:\windows\System32\IMM32.DLL
0x00007ff8c0d50000 - 0x00007ff8c0d5c000 	C:\Program Files\Java\jdk-21\bin\vcruntime140_1.dll
0x00007ff8b1140000 - 0x00007ff8b11ce000 	C:\Program Files\Java\jdk-21\bin\msvcp140.dll
0x00007ff889c90000 - 0x00007ff88a9a7000 	C:\Program Files\Java\jdk-21\bin\server\jvm.dll
0x00007ff8c5250000 - 0x00007ff8c52bb000 	C:\windows\System32\WS2_32.dll
0x00007ff8c3950000 - 0x00007ff8c399b000 	C:\windows\SYSTEM32\POWRPROF.dll
0x00007ff8af1e0000 - 0x00007ff8af207000 	C:\windows\SYSTEM32\WINMM.dll
0x00007ff8c3930000 - 0x00007ff8c3942000 	C:\windows\SYSTEM32\UMPDC.dll
0x00007ff8c22d0000 - 0x00007ff8c22e2000 	C:\windows\SYSTEM32\kernel.appcore.dll
0x00007ff8bff50000 - 0x00007ff8bff5a000 	C:\Program Files\Java\jdk-21\bin\jimage.dll
0x00007ff8c20c0000 - 0x00007ff8c22a4000 	C:\windows\SYSTEM32\DBGHELP.DLL
0x00007ff8ad450000 - 0x00007ff8ad484000 	C:\windows\SYSTEM32\dbgcore.DLL
0x00007ff8c3dc0000 - 0x00007ff8c3e42000 	C:\windows\System32\bcryptPrimitives.dll
0x00007ff8bbd90000 - 0x00007ff8bbdaf000 	C:\Program Files\Java\jdk-21\bin\java.dll
0x00007ff8c4ad0000 - 0x00007ff8c523d000 	C:\windows\System32\SHELL32.dll
0x00007ff8c1840000 - 0x00007ff8c1fe4000 	C:\windows\SYSTEM32\windows.storage.dll
0x00007ff8c4470000 - 0x00007ff8c47c5000 	C:\windows\System32\combase.dll
0x00007ff8c3430000 - 0x00007ff8c345f000 	C:\windows\SYSTEM32\Wldp.dll
0x00007ff8c5600000 - 0x00007ff8c56cd000 	C:\windows\System32\OLEAUT32.dll
0x00007ff8c5930000 - 0x00007ff8c59dd000 	C:\windows\System32\SHCORE.dll
0x00007ff8c59e0000 - 0x00007ff8c5a35000 	C:\windows\System32\shlwapi.dll
0x00007ff8c3a20000 - 0x00007ff8c3a44000 	C:\windows\SYSTEM32\profapi.dll
0x00007ff8ac1c0000 - 0x00007ff8ac297000 	C:\Program Files\Java\jdk-21\bin\jsvml.dll
0x00007ff8bff10000 - 0x00007ff8bff20000 	C:\Program Files\Java\jdk-21\bin\net.dll
0x00007ff8bcb30000 - 0x00007ff8bcc3a000 	C:\windows\SYSTEM32\WINHTTP.dll
0x00007ff8c3150000 - 0x00007ff8c31bc000 	C:\windows\system32\mswsock.dll
0x00007ff8bc2f0000 - 0x00007ff8bc306000 	C:\Program Files\Java\jdk-21\bin\nio.dll
0x00007ff8bc2d0000 - 0x00007ff8bc2e8000 	C:\Program Files\Java\jdk-21\bin\zip.dll
0x0000000069ac0000 - 0x0000000069ae4000 	C:\Users\LENOVO\.m2\wrapper\dists\apache-maven-3.9.6\834f1afe40575b70b4b2527f4b12df8e\lib\jansi-native\Windows\x86_64\jansi.dll
0x00007ff8bbf80000 - 0x00007ff8bbf90000 	C:\Program Files\Java\jdk-21\bin\verify.dll

dbghelp: loaded successfully - version: 4.0.5 - missing functions: none
symbol engine: initialized successfully - sym options: 0x614 - pdb path: .;C:\Program Files\Java\jdk-21\bin;C:\windows\SYSTEM32;C:\windows\WinSxS\amd64_microsoft.windows.common-controls_6595b64144ccf1df_6.0.19041.4355_none_60b8b9eb71f62e16;C:\Program Files\Java\jdk-21\bin\server;C:\Users\LENOVO\.m2\wrapper\dists\apache-maven-3.9.6\834f1afe40575b70b4b2527f4b12df8e\lib\jansi-native\Windows\x86_64

VM Arguments:
jvm_args: -Dclassworlds.conf=C:\Users\LENOVO\.m2\wrapper\dists\apache-maven-3.9.6\834f1afe40575b70b4b2527f4b12df8e\bin\m2.conf -Dmaven.home=C:\Users\LENOVO\.m2\wrapper\dists\apache-maven-3.9.6\834f1afe40575b70b4b2527f4b12df8e -Dlibrary.jansi.path=C:\Users\LENOVO\.m2\wrapper\dists\apache-maven-3.9.6\834f1afe40575b70b4b2527f4b12df8e\lib\jansi-native -Dmaven.multiModuleProjectDirectory=P:\skwidl 
java_command: org.codehaus.plexus.classworlds.launcher.Launcher clean package -DskipTests -pl commons,customers,orders,products -rf :customers
java_class_path (initial): C:\Users\LENOVO\.m2\wrapper\dists\apache-maven-3.9.6\834f1afe40575b70b4b2527f4b12df8e\boot\plexus-classworlds-2.7.0.jar
Launcher Type: SUN_STANDARD

[Global flags]
     intx CICompilerCount                          = 3                                         {product} {ergonomic}
     uint ConcGCThreads                            = 1                                         {product} {ergonomic}
     uint G1ConcRefinementThreads                  = 4                                         {product} {ergonomic}
   size_t G1HeapRegionSize                         = 4194304                                   {product} {ergonomic}
    uintx GCDrainStackTargetSize                   = 64                                        {product} {ergonomic}
   size_t InitialHeapSize                          = 335544320                                 {product} {ergonomic}
   size_t MarkStackSize                            = 4194304                                   {product} {ergonomic}
   size_t MaxHeapSize                              = 5347737600                                {product} {ergonomic}
   size_t MaxNewSize                               = 3208642560                                {product} {ergonomic}
   size_t MinHeapDeltaBytes                        = 4194304                                   {product} {ergonomic}
   size_t MinHeapSize                              = 8388608                                   {product} {ergonomic}
    uintx NonNMethodCodeHeapSize                   = 5832780                                {pd product} {ergonomic}
    uintx NonProfiledCodeHeapSize                  = 122912730                              {pd product} {ergonomic}
    uintx ProfiledCodeHeapSize                     = 122912730                              {pd product} {ergonomic}
    uintx ReservedCodeCacheSize                    = 251658240                              {pd product} {ergonomic}
     bool SegmentedCodeCache                       = true                                      {product} {ergonomic}
   size_t SoftMaxHeapSize                          = 5347737600                             {manageable} {ergonomic}
     bool UseCompressedOops                        = true                           {product lp64_product} {ergonomic}
     bool UseG1GC                                  = true                                      {product} {ergonomic}
     bool UseLargePagesIndividualAllocation        = false                                  {pd product} {ergonomic}

Logging:
Log output configuration:
 #0: stdout all=warning uptime,level,tags foldmultilines=false
 #1: stderr all=off uptime,level,tags foldmultilines=false

Environment Variables:
JAVA_HOME=C:\Program Files\Java\jdk-21
CLASSPATH=D:\tools\Lingo\Lingo20.jar
PATH=D:\tools\VMWare\bin\;C:\Python312\Scripts\;C:\Python312\;C:\Program Files\Python310\Scripts\;C:\Program Files\Python310\;C:\Program Files\Common Files\Oracle\Java\javapath;C:\Program Files (x86)\Intel\iCLS Client\;C:\Program Files\Intel\iCLS Client\;C:\windows\system32;C:\windows;C:\windows\System32\Wbem;C:\windows\System32\WindowsPowerShell\v1.0\;C:\Program Files (x86)\Intel\Intel(R) Management Engine Components\DAL;C:\Program Files\Intel\Intel(R) Management Engine Components\DAL;C:\Program Files (x86)\Intel\Intel(R) Management Engine Components\IPT;C:\Program Files\Intel\Intel(R) Management Engine Components\IPT;C:\windows\System32\OpenSSH\;D:\tools\Dependencies\ffmpeg-master-latest-win64-gpl\bin;D:\tools\apache-maven-3.9.1\bin\mvn;D:\tools\Lingo\;D:\tools\mongosh-1.10.6-win32-x64\bin;D:\tools\scala\sbt\bin;C:\ProgramData\chocolatey\bin;C:\Program Files\Git\cmd;D:\tools\Wireshark;C:\Users\Lenovo\.krew\bin;C:\Program Files (x86)\Windows Kits\10\Windows Performance Toolkit\;C:\Program Files\Java\jdk-21\bin\;D:\tools\Gpg4win\..\GnuPG\bin;D:\tools\nvm;D:\tools\Nodejs;D:\tools\AWS_CLI\;C:\Program Files\Docker\Docker\resources\bin;C:\Users\LENOVO\AppData\Local\Microsoft\WindowsApps;C:\Users\LENOVO\AppData\Local\Programs\Microsoft VS Code\bin;C:\Users\LENOVO\AppData\Local\GitHubDesktop\bin;C:\Users\LENOVO\AppData\Roaming\Python\Python310\Scripts;D:\tools\Dependencies\ffmpeg-master-latest-win64-gpl\bin;D:\tools\apache-maven-3.9.1\bin\mvn;D:\tools\mongosh-1.10.6-win32-x64\bin;C:\Users\LENOVO\AppData\Roaming\npm;D:\tools\IntelliJ IDEA\IntelliJ IDEA 2024.1\bin;D:\tools\JetBrains\DataGrip 2024.1.2\bin;C:\Program Files\Java\jdk-21\bin;C:\Users\Lenovo\.krew\bin;D:\tools\Wireshark;C:\Users\LENOVO\.jetbrains\helm;D:\tools\Intellij WebStorm\WebStorm 2024.2.3\bin;;D:\tools\nvm;D:\tools\Nodejs
USERNAME=LENOVO
OS=Windows_NT
PROCESSOR_IDENTIFIER=Intel64 Family 6 Model 142 Stepping 9, GenuineIntel
TMP=C:\Users\LENOVO\AppData\Local\Temp
TEMP=C:\Users\LENOVO\AppData\Local\Temp




Periodic native trim disabled

---------------  S Y S T E M  ---------------

OS:
 Windows 10 , 64 bit Build 19041 (10.0.19041.5438)
OS uptime: 0 days 8:28 hours
Hyper-V role detected

CPU: total 4 (initial active 4) (2 cores per cpu, 2 threads per core) family 6 model 142 stepping 9 microcode 0xea, cx8, cmov, fxsr, ht, mmx, 3dnowpref, sse, sse2, sse3, ssse3, sse4.1, sse4.2, popcnt, lzcnt, tsc, tscinvbit, avx, avx2, aes, erms, clmul, bmi1, bmi2, adx, fma, vzeroupper, clflush, clflushopt, hv, rdtscp, f16c
Processor Information for all 4 processors :
  Max Mhz: 2712, Current Mhz: 2511, Mhz Limit: 2495

Memory: 4k page, system-wide physical 20389M (1733M free)
TotalPageFile size 21401M (AvailPageFile size 5M)
current process WorkingSet (physical memory assigned to process): 117M, peak: 117M
current process commit charge ("private bytes"): 433M, peak: 435M

vm_info: Java HotSpot(TM) 64-Bit Server VM (21.0.2+13-LTS-58) for windows-amd64 JRE (21.0.2+13-LTS-58), built on 2024-01-05T18:32:24Z by "mach5one" with MS VC++ 17.1 (VS2022)

END.
